{"numFailedTestSuites":7,"numFailedTests":64,"numPassedTestSuites":0,"numPassedTests":0,"numPendingTestSuites":0,"numPendingTests":0,"numRuntimeErrorTestSuites":4,"numTodoTests":0,"numTotalTestSuites":7,"numTotalTests":64,"openHandles":[],"snapshot":{"added":0,"didUpdate":false,"failure":false,"filesAdded":0,"filesRemoved":0,"filesRemovedList":[],"filesUnmatched":0,"filesUpdated":0,"matched":0,"total":0,"unchecked":0,"uncheckedKeysByFile":[],"unmatched":0,"updated":0},"startTime":1761319419074,"success":false,"testResults":[{"assertionResults":[{"ancestorTitles":["Document Routes Integration Tests","GET /api/documents"],"duration":3,"failureDetails":[{}],"failureMessages":["ReferenceError: testHelpers is not defined\n    at Object.testUser (C:\\Users\\UserLA7007\\heraclion\\backend\\tests\\integration\\documents.test.js:41:5)\n    at Promise.then.completed (C:\\Users\\UserLA7007\\heraclion\\backend\\node_modules\\jest-circus\\build\\utils.js:298:28)\n    at new Promise (<anonymous>)\n    at callAsyncCircusFn (C:\\Users\\UserLA7007\\heraclion\\backend\\node_modules\\jest-circus\\build\\utils.js:231:10)\n    at _callCircusHook (C:\\Users\\UserLA7007\\heraclion\\backend\\node_modules\\jest-circus\\build\\run.js:281:40)\n    at processTicksAndRejections (node:internal/process/task_queues:105:5)\n    at _runTestsForDescribeBlock (C:\\Users\\UserLA7007\\heraclion\\backend\\node_modules\\jest-circus\\build\\run.js:95:7)\n    at _runTestsForDescribeBlock (C:\\Users\\UserLA7007\\heraclion\\backend\\node_modules\\jest-circus\\build\\run.js:121:9)\n    at run (C:\\Users\\UserLA7007\\heraclion\\backend\\node_modules\\jest-circus\\build\\run.js:71:3)\n    at runAndTransformResultsToJestFormat (C:\\Users\\UserLA7007\\heraclion\\backend\\node_modules\\jest-circus\\build\\legacy-code-todo-rewrite\\jestAdapterInit.js:122:21)\n    at jestAdapter (C:\\Users\\UserLA7007\\heraclion\\backend\\node_modules\\jest-circus\\build\\legacy-code-todo-rewrite\\jestAdapter.js:79:19)\n    at runTestInternal (C:\\Users\\UserLA7007\\heraclion\\backend\\node_modules\\jest-runner\\build\\runTest.js:367:16)\n    at runTest (C:\\Users\\UserLA7007\\heraclion\\backend\\node_modules\\jest-runner\\build\\runTest.js:444:34)"],"fullName":"Document Routes Integration Tests GET /api/documents should return paginated list of documents","invocations":1,"location":null,"numPassingAsserts":0,"retryReasons":[],"status":"failed","title":"should return paginated list of documents"},{"ancestorTitles":["Document Routes Integration Tests","GET /api/documents"],"duration":1,"failureDetails":[{}],"failureMessages":["ReferenceError: testHelpers is not defined\n    at Object.testUser (C:\\Users\\UserLA7007\\heraclion\\backend\\tests\\integration\\documents.test.js:41:5)\n    at Promise.then.completed (C:\\Users\\UserLA7007\\heraclion\\backend\\node_modules\\jest-circus\\build\\utils.js:298:28)\n    at new Promise (<anonymous>)\n    at callAsyncCircusFn (C:\\Users\\UserLA7007\\heraclion\\backend\\node_modules\\jest-circus\\build\\utils.js:231:10)\n    at _callCircusHook (C:\\Users\\UserLA7007\\heraclion\\backend\\node_modules\\jest-circus\\build\\run.js:281:40)\n    at processTicksAndRejections (node:internal/process/task_queues:105:5)\n    at _runTestsForDescribeBlock (C:\\Users\\UserLA7007\\heraclion\\backend\\node_modules\\jest-circus\\build\\run.js:95:7)\n    at _runTestsForDescribeBlock (C:\\Users\\UserLA7007\\heraclion\\backend\\node_modules\\jest-circus\\build\\run.js:121:9)\n    at run (C:\\Users\\UserLA7007\\heraclion\\backend\\node_modules\\jest-circus\\build\\run.js:71:3)\n    at runAndTransformResultsToJestFormat (C:\\Users\\UserLA7007\\heraclion\\backend\\node_modules\\jest-circus\\build\\legacy-code-todo-rewrite\\jestAdapterInit.js:122:21)\n    at jestAdapter (C:\\Users\\UserLA7007\\heraclion\\backend\\node_modules\\jest-circus\\build\\legacy-code-todo-rewrite\\jestAdapter.js:79:19)\n    at runTestInternal (C:\\Users\\UserLA7007\\heraclion\\backend\\node_modules\\jest-runner\\build\\runTest.js:367:16)\n    at runTest (C:\\Users\\UserLA7007\\heraclion\\backend\\node_modules\\jest-runner\\build\\runTest.js:444:34)"],"fullName":"Document Routes Integration Tests GET /api/documents should require authentication","invocations":1,"location":null,"numPassingAsserts":0,"retryReasons":[],"status":"failed","title":"should require authentication"},{"ancestorTitles":["Document Routes Integration Tests","GET /api/documents"],"duration":3,"failureDetails":[{}],"failureMessages":["ReferenceError: testHelpers is not defined\n    at Object.testUser (C:\\Users\\UserLA7007\\heraclion\\backend\\tests\\integration\\documents.test.js:41:5)\n    at Promise.then.completed (C:\\Users\\UserLA7007\\heraclion\\backend\\node_modules\\jest-circus\\build\\utils.js:298:28)\n    at new Promise (<anonymous>)\n    at callAsyncCircusFn (C:\\Users\\UserLA7007\\heraclion\\backend\\node_modules\\jest-circus\\build\\utils.js:231:10)\n    at _callCircusHook (C:\\Users\\UserLA7007\\heraclion\\backend\\node_modules\\jest-circus\\build\\run.js:281:40)\n    at processTicksAndRejections (node:internal/process/task_queues:105:5)\n    at _runTestsForDescribeBlock (C:\\Users\\UserLA7007\\heraclion\\backend\\node_modules\\jest-circus\\build\\run.js:95:7)\n    at _runTestsForDescribeBlock (C:\\Users\\UserLA7007\\heraclion\\backend\\node_modules\\jest-circus\\build\\run.js:121:9)\n    at run (C:\\Users\\UserLA7007\\heraclion\\backend\\node_modules\\jest-circus\\build\\run.js:71:3)\n    at runAndTransformResultsToJestFormat (C:\\Users\\UserLA7007\\heraclion\\backend\\node_modules\\jest-circus\\build\\legacy-code-todo-rewrite\\jestAdapterInit.js:122:21)\n    at jestAdapter (C:\\Users\\UserLA7007\\heraclion\\backend\\node_modules\\jest-circus\\build\\legacy-code-todo-rewrite\\jestAdapter.js:79:19)\n    at runTestInternal (C:\\Users\\UserLA7007\\heraclion\\backend\\node_modules\\jest-runner\\build\\runTest.js:367:16)\n    at runTest (C:\\Users\\UserLA7007\\heraclion\\backend\\node_modules\\jest-runner\\build\\runTest.js:444:34)"],"fullName":"Document Routes Integration Tests GET /api/documents should validate query parameters","invocations":1,"location":null,"numPassingAsserts":0,"retryReasons":[],"status":"failed","title":"should validate query parameters"},{"ancestorTitles":["Document Routes Integration Tests","POST /api/documents"],"duration":12,"failureDetails":[{}],"failureMessages":["ReferenceError: testHelpers is not defined\n    at Object.testUser (C:\\Users\\UserLA7007\\heraclion\\backend\\tests\\integration\\documents.test.js:41:5)\n    at Promise.then.completed (C:\\Users\\UserLA7007\\heraclion\\backend\\node_modules\\jest-circus\\build\\utils.js:298:28)\n    at new Promise (<anonymous>)\n    at callAsyncCircusFn (C:\\Users\\UserLA7007\\heraclion\\backend\\node_modules\\jest-circus\\build\\utils.js:231:10)\n    at _callCircusHook (C:\\Users\\UserLA7007\\heraclion\\backend\\node_modules\\jest-circus\\build\\run.js:281:40)\n    at processTicksAndRejections (node:internal/process/task_queues:105:5)\n    at _runTestsForDescribeBlock (C:\\Users\\UserLA7007\\heraclion\\backend\\node_modules\\jest-circus\\build\\run.js:95:7)\n    at _runTestsForDescribeBlock (C:\\Users\\UserLA7007\\heraclion\\backend\\node_modules\\jest-circus\\build\\run.js:121:9)\n    at run (C:\\Users\\UserLA7007\\heraclion\\backend\\node_modules\\jest-circus\\build\\run.js:71:3)\n    at runAndTransformResultsToJestFormat (C:\\Users\\UserLA7007\\heraclion\\backend\\node_modules\\jest-circus\\build\\legacy-code-todo-rewrite\\jestAdapterInit.js:122:21)\n    at jestAdapter (C:\\Users\\UserLA7007\\heraclion\\backend\\node_modules\\jest-circus\\build\\legacy-code-todo-rewrite\\jestAdapter.js:79:19)\n    at runTestInternal (C:\\Users\\UserLA7007\\heraclion\\backend\\node_modules\\jest-runner\\build\\runTest.js:367:16)\n    at runTest (C:\\Users\\UserLA7007\\heraclion\\backend\\node_modules\\jest-runner\\build\\runTest.js:444:34)"],"fullName":"Document Routes Integration Tests POST /api/documents should create a new document","invocations":1,"location":null,"numPassingAsserts":0,"retryReasons":[],"status":"failed","title":"should create a new document"},{"ancestorTitles":["Document Routes Integration Tests","POST /api/documents"],"duration":1,"failureDetails":[{}],"failureMessages":["ReferenceError: testHelpers is not defined\n    at Object.testUser (C:\\Users\\UserLA7007\\heraclion\\backend\\tests\\integration\\documents.test.js:41:5)\n    at Promise.then.completed (C:\\Users\\UserLA7007\\heraclion\\backend\\node_modules\\jest-circus\\build\\utils.js:298:28)\n    at new Promise (<anonymous>)\n    at callAsyncCircusFn (C:\\Users\\UserLA7007\\heraclion\\backend\\node_modules\\jest-circus\\build\\utils.js:231:10)\n    at _callCircusHook (C:\\Users\\UserLA7007\\heraclion\\backend\\node_modules\\jest-circus\\build\\run.js:281:40)\n    at processTicksAndRejections (node:internal/process/task_queues:105:5)\n    at _runTestsForDescribeBlock (C:\\Users\\UserLA7007\\heraclion\\backend\\node_modules\\jest-circus\\build\\run.js:95:7)\n    at _runTestsForDescribeBlock (C:\\Users\\UserLA7007\\heraclion\\backend\\node_modules\\jest-circus\\build\\run.js:121:9)\n    at run (C:\\Users\\UserLA7007\\heraclion\\backend\\node_modules\\jest-circus\\build\\run.js:71:3)\n    at runAndTransformResultsToJestFormat (C:\\Users\\UserLA7007\\heraclion\\backend\\node_modules\\jest-circus\\build\\legacy-code-todo-rewrite\\jestAdapterInit.js:122:21)\n    at jestAdapter (C:\\Users\\UserLA7007\\heraclion\\backend\\node_modules\\jest-circus\\build\\legacy-code-todo-rewrite\\jestAdapter.js:79:19)\n    at runTestInternal (C:\\Users\\UserLA7007\\heraclion\\backend\\node_modules\\jest-runner\\build\\runTest.js:367:16)\n    at runTest (C:\\Users\\UserLA7007\\heraclion\\backend\\node_modules\\jest-runner\\build\\runTest.js:444:34)"],"fullName":"Document Routes Integration Tests POST /api/documents should validate document data","invocations":1,"location":null,"numPassingAsserts":0,"retryReasons":[],"status":"failed","title":"should validate document data"},{"ancestorTitles":["Document Routes Integration Tests","POST /api/documents"],"duration":5,"failureDetails":[{}],"failureMessages":["ReferenceError: testHelpers is not defined\n    at Object.testUser (C:\\Users\\UserLA7007\\heraclion\\backend\\tests\\integration\\documents.test.js:41:5)\n    at Promise.then.completed (C:\\Users\\UserLA7007\\heraclion\\backend\\node_modules\\jest-circus\\build\\utils.js:298:28)\n    at new Promise (<anonymous>)\n    at callAsyncCircusFn (C:\\Users\\UserLA7007\\heraclion\\backend\\node_modules\\jest-circus\\build\\utils.js:231:10)\n    at _callCircusHook (C:\\Users\\UserLA7007\\heraclion\\backend\\node_modules\\jest-circus\\build\\run.js:281:40)\n    at processTicksAndRejections (node:internal/process/task_queues:105:5)\n    at _runTestsForDescribeBlock (C:\\Users\\UserLA7007\\heraclion\\backend\\node_modules\\jest-circus\\build\\run.js:95:7)\n    at _runTestsForDescribeBlock (C:\\Users\\UserLA7007\\heraclion\\backend\\node_modules\\jest-circus\\build\\run.js:121:9)\n    at run (C:\\Users\\UserLA7007\\heraclion\\backend\\node_modules\\jest-circus\\build\\run.js:71:3)\n    at runAndTransformResultsToJestFormat (C:\\Users\\UserLA7007\\heraclion\\backend\\node_modules\\jest-circus\\build\\legacy-code-todo-rewrite\\jestAdapterInit.js:122:21)\n    at jestAdapter (C:\\Users\\UserLA7007\\heraclion\\backend\\node_modules\\jest-circus\\build\\legacy-code-todo-rewrite\\jestAdapter.js:79:19)\n    at runTestInternal (C:\\Users\\UserLA7007\\heraclion\\backend\\node_modules\\jest-runner\\build\\runTest.js:367:16)\n    at runTest (C:\\Users\\UserLA7007\\heraclion\\backend\\node_modules\\jest-runner\\build\\runTest.js:444:34)"],"fullName":"Document Routes Integration Tests POST /api/documents should calculate document totals automatically","invocations":1,"location":null,"numPassingAsserts":0,"retryReasons":[],"status":"failed","title":"should calculate document totals automatically"},{"ancestorTitles":["Document Routes Integration Tests","GET /api/documents/:id"],"duration":3,"failureDetails":[{}],"failureMessages":["ReferenceError: testHelpers is not defined\n    at Object.testUser (C:\\Users\\UserLA7007\\heraclion\\backend\\tests\\integration\\documents.test.js:41:5)\n    at Promise.then.completed (C:\\Users\\UserLA7007\\heraclion\\backend\\node_modules\\jest-circus\\build\\utils.js:298:28)\n    at new Promise (<anonymous>)\n    at callAsyncCircusFn (C:\\Users\\UserLA7007\\heraclion\\backend\\node_modules\\jest-circus\\build\\utils.js:231:10)\n    at _callCircusHook (C:\\Users\\UserLA7007\\heraclion\\backend\\node_modules\\jest-circus\\build\\run.js:281:40)\n    at processTicksAndRejections (node:internal/process/task_queues:105:5)\n    at _runTestsForDescribeBlock (C:\\Users\\UserLA7007\\heraclion\\backend\\node_modules\\jest-circus\\build\\run.js:95:7)\n    at _runTestsForDescribeBlock (C:\\Users\\UserLA7007\\heraclion\\backend\\node_modules\\jest-circus\\build\\run.js:121:9)\n    at run (C:\\Users\\UserLA7007\\heraclion\\backend\\node_modules\\jest-circus\\build\\run.js:71:3)\n    at runAndTransformResultsToJestFormat (C:\\Users\\UserLA7007\\heraclion\\backend\\node_modules\\jest-circus\\build\\legacy-code-todo-rewrite\\jestAdapterInit.js:122:21)\n    at jestAdapter (C:\\Users\\UserLA7007\\heraclion\\backend\\node_modules\\jest-circus\\build\\legacy-code-todo-rewrite\\jestAdapter.js:79:19)\n    at runTestInternal (C:\\Users\\UserLA7007\\heraclion\\backend\\node_modules\\jest-runner\\build\\runTest.js:367:16)\n    at runTest (C:\\Users\\UserLA7007\\heraclion\\backend\\node_modules\\jest-runner\\build\\runTest.js:444:34)"],"fullName":"Document Routes Integration Tests GET /api/documents/:id should return document by ID","invocations":1,"location":null,"numPassingAsserts":0,"retryReasons":[],"status":"failed","title":"should return document by ID"},{"ancestorTitles":["Document Routes Integration Tests","GET /api/documents/:id"],"duration":1,"failureDetails":[{}],"failureMessages":["ReferenceError: testHelpers is not defined\n    at Object.testUser (C:\\Users\\UserLA7007\\heraclion\\backend\\tests\\integration\\documents.test.js:41:5)\n    at Promise.then.completed (C:\\Users\\UserLA7007\\heraclion\\backend\\node_modules\\jest-circus\\build\\utils.js:298:28)\n    at new Promise (<anonymous>)\n    at callAsyncCircusFn (C:\\Users\\UserLA7007\\heraclion\\backend\\node_modules\\jest-circus\\build\\utils.js:231:10)\n    at _callCircusHook (C:\\Users\\UserLA7007\\heraclion\\backend\\node_modules\\jest-circus\\build\\run.js:281:40)\n    at processTicksAndRejections (node:internal/process/task_queues:105:5)\n    at _runTestsForDescribeBlock (C:\\Users\\UserLA7007\\heraclion\\backend\\node_modules\\jest-circus\\build\\run.js:95:7)\n    at _runTestsForDescribeBlock (C:\\Users\\UserLA7007\\heraclion\\backend\\node_modules\\jest-circus\\build\\run.js:121:9)\n    at run (C:\\Users\\UserLA7007\\heraclion\\backend\\node_modules\\jest-circus\\build\\run.js:71:3)\n    at runAndTransformResultsToJestFormat (C:\\Users\\UserLA7007\\heraclion\\backend\\node_modules\\jest-circus\\build\\legacy-code-todo-rewrite\\jestAdapterInit.js:122:21)\n    at jestAdapter (C:\\Users\\UserLA7007\\heraclion\\backend\\node_modules\\jest-circus\\build\\legacy-code-todo-rewrite\\jestAdapter.js:79:19)\n    at runTestInternal (C:\\Users\\UserLA7007\\heraclion\\backend\\node_modules\\jest-runner\\build\\runTest.js:367:16)\n    at runTest (C:\\Users\\UserLA7007\\heraclion\\backend\\node_modules\\jest-runner\\build\\runTest.js:444:34)"],"fullName":"Document Routes Integration Tests GET /api/documents/:id should return 404 for non-existent document","invocations":1,"location":null,"numPassingAsserts":0,"retryReasons":[],"status":"failed","title":"should return 404 for non-existent document"},{"ancestorTitles":["Document Routes Integration Tests","PUT /api/documents/:id"],"duration":2,"failureDetails":[{}],"failureMessages":["ReferenceError: testHelpers is not defined\n    at Object.testUser (C:\\Users\\UserLA7007\\heraclion\\backend\\tests\\integration\\documents.test.js:41:5)\n    at Promise.then.completed (C:\\Users\\UserLA7007\\heraclion\\backend\\node_modules\\jest-circus\\build\\utils.js:298:28)\n    at new Promise (<anonymous>)\n    at callAsyncCircusFn (C:\\Users\\UserLA7007\\heraclion\\backend\\node_modules\\jest-circus\\build\\utils.js:231:10)\n    at _callCircusHook (C:\\Users\\UserLA7007\\heraclion\\backend\\node_modules\\jest-circus\\build\\run.js:281:40)\n    at processTicksAndRejections (node:internal/process/task_queues:105:5)\n    at _runTestsForDescribeBlock (C:\\Users\\UserLA7007\\heraclion\\backend\\node_modules\\jest-circus\\build\\run.js:95:7)\n    at _runTestsForDescribeBlock (C:\\Users\\UserLA7007\\heraclion\\backend\\node_modules\\jest-circus\\build\\run.js:121:9)\n    at run (C:\\Users\\UserLA7007\\heraclion\\backend\\node_modules\\jest-circus\\build\\run.js:71:3)\n    at runAndTransformResultsToJestFormat (C:\\Users\\UserLA7007\\heraclion\\backend\\node_modules\\jest-circus\\build\\legacy-code-todo-rewrite\\jestAdapterInit.js:122:21)\n    at jestAdapter (C:\\Users\\UserLA7007\\heraclion\\backend\\node_modules\\jest-circus\\build\\legacy-code-todo-rewrite\\jestAdapter.js:79:19)\n    at runTestInternal (C:\\Users\\UserLA7007\\heraclion\\backend\\node_modules\\jest-runner\\build\\runTest.js:367:16)\n    at runTest (C:\\Users\\UserLA7007\\heraclion\\backend\\node_modules\\jest-runner\\build\\runTest.js:444:34)"],"fullName":"Document Routes Integration Tests PUT /api/documents/:id should update document if status is BROUILLON","invocations":1,"location":null,"numPassingAsserts":0,"retryReasons":[],"status":"failed","title":"should update document if status is BROUILLON"},{"ancestorTitles":["Document Routes Integration Tests","PUT /api/documents/:id"],"duration":4,"failureDetails":[{}],"failureMessages":["ReferenceError: testHelpers is not defined\n    at Object.testUser (C:\\Users\\UserLA7007\\heraclion\\backend\\tests\\integration\\documents.test.js:41:5)\n    at Promise.then.completed (C:\\Users\\UserLA7007\\heraclion\\backend\\node_modules\\jest-circus\\build\\utils.js:298:28)\n    at new Promise (<anonymous>)\n    at callAsyncCircusFn (C:\\Users\\UserLA7007\\heraclion\\backend\\node_modules\\jest-circus\\build\\utils.js:231:10)\n    at _callCircusHook (C:\\Users\\UserLA7007\\heraclion\\backend\\node_modules\\jest-circus\\build\\run.js:281:40)\n    at processTicksAndRejections (node:internal/process/task_queues:105:5)\n    at _runTestsForDescribeBlock (C:\\Users\\UserLA7007\\heraclion\\backend\\node_modules\\jest-circus\\build\\run.js:95:7)\n    at _runTestsForDescribeBlock (C:\\Users\\UserLA7007\\heraclion\\backend\\node_modules\\jest-circus\\build\\run.js:121:9)\n    at run (C:\\Users\\UserLA7007\\heraclion\\backend\\node_modules\\jest-circus\\build\\run.js:71:3)\n    at runAndTransformResultsToJestFormat (C:\\Users\\UserLA7007\\heraclion\\backend\\node_modules\\jest-circus\\build\\legacy-code-todo-rewrite\\jestAdapterInit.js:122:21)\n    at jestAdapter (C:\\Users\\UserLA7007\\heraclion\\backend\\node_modules\\jest-circus\\build\\legacy-code-todo-rewrite\\jestAdapter.js:79:19)\n    at runTestInternal (C:\\Users\\UserLA7007\\heraclion\\backend\\node_modules\\jest-runner\\build\\runTest.js:367:16)\n    at runTest (C:\\Users\\UserLA7007\\heraclion\\backend\\node_modules\\jest-runner\\build\\runTest.js:444:34)"],"fullName":"Document Routes Integration Tests PUT /api/documents/:id should reject update if document is not BROUILLON","invocations":1,"location":null,"numPassingAsserts":0,"retryReasons":[],"status":"failed","title":"should reject update if document is not BROUILLON"},{"ancestorTitles":["Document Routes Integration Tests","POST /api/documents/:id/validate"],"duration":2,"failureDetails":[{}],"failureMessages":["ReferenceError: testHelpers is not defined\n    at Object.testUser (C:\\Users\\UserLA7007\\heraclion\\backend\\tests\\integration\\documents.test.js:41:5)\n    at Promise.then.completed (C:\\Users\\UserLA7007\\heraclion\\backend\\node_modules\\jest-circus\\build\\utils.js:298:28)\n    at new Promise (<anonymous>)\n    at callAsyncCircusFn (C:\\Users\\UserLA7007\\heraclion\\backend\\node_modules\\jest-circus\\build\\utils.js:231:10)\n    at _callCircusHook (C:\\Users\\UserLA7007\\heraclion\\backend\\node_modules\\jest-circus\\build\\run.js:281:40)\n    at processTicksAndRejections (node:internal/process/task_queues:105:5)\n    at _runTestsForDescribeBlock (C:\\Users\\UserLA7007\\heraclion\\backend\\node_modules\\jest-circus\\build\\run.js:95:7)\n    at _runTestsForDescribeBlock (C:\\Users\\UserLA7007\\heraclion\\backend\\node_modules\\jest-circus\\build\\run.js:121:9)\n    at run (C:\\Users\\UserLA7007\\heraclion\\backend\\node_modules\\jest-circus\\build\\run.js:71:3)\n    at runAndTransformResultsToJestFormat (C:\\Users\\UserLA7007\\heraclion\\backend\\node_modules\\jest-circus\\build\\legacy-code-todo-rewrite\\jestAdapterInit.js:122:21)\n    at jestAdapter (C:\\Users\\UserLA7007\\heraclion\\backend\\node_modules\\jest-circus\\build\\legacy-code-todo-rewrite\\jestAdapter.js:79:19)\n    at runTestInternal (C:\\Users\\UserLA7007\\heraclion\\backend\\node_modules\\jest-runner\\build\\runTest.js:367:16)\n    at runTest (C:\\Users\\UserLA7007\\heraclion\\backend\\node_modules\\jest-runner\\build\\runTest.js:444:34)"],"fullName":"Document Routes Integration Tests POST /api/documents/:id/validate should validate document and change status to EMISE","invocations":1,"location":null,"numPassingAsserts":0,"retryReasons":[],"status":"failed","title":"should validate document and change status to EMISE"},{"ancestorTitles":["Document Routes Integration Tests","POST /api/documents/:id/validate"],"duration":5,"failureDetails":[{}],"failureMessages":["ReferenceError: testHelpers is not defined\n    at Object.testUser (C:\\Users\\UserLA7007\\heraclion\\backend\\tests\\integration\\documents.test.js:41:5)\n    at Promise.then.completed (C:\\Users\\UserLA7007\\heraclion\\backend\\node_modules\\jest-circus\\build\\utils.js:298:28)\n    at new Promise (<anonymous>)\n    at callAsyncCircusFn (C:\\Users\\UserLA7007\\heraclion\\backend\\node_modules\\jest-circus\\build\\utils.js:231:10)\n    at _callCircusHook (C:\\Users\\UserLA7007\\heraclion\\backend\\node_modules\\jest-circus\\build\\run.js:281:40)\n    at processTicksAndRejections (node:internal/process/task_queues:105:5)\n    at _runTestsForDescribeBlock (C:\\Users\\UserLA7007\\heraclion\\backend\\node_modules\\jest-circus\\build\\run.js:95:7)\n    at _runTestsForDescribeBlock (C:\\Users\\UserLA7007\\heraclion\\backend\\node_modules\\jest-circus\\build\\run.js:121:9)\n    at run (C:\\Users\\UserLA7007\\heraclion\\backend\\node_modules\\jest-circus\\build\\run.js:71:3)\n    at runAndTransformResultsToJestFormat (C:\\Users\\UserLA7007\\heraclion\\backend\\node_modules\\jest-circus\\build\\legacy-code-todo-rewrite\\jestAdapterInit.js:122:21)\n    at jestAdapter (C:\\Users\\UserLA7007\\heraclion\\backend\\node_modules\\jest-circus\\build\\legacy-code-todo-rewrite\\jestAdapter.js:79:19)\n    at runTestInternal (C:\\Users\\UserLA7007\\heraclion\\backend\\node_modules\\jest-runner\\build\\runTest.js:367:16)\n    at runTest (C:\\Users\\UserLA7007\\heraclion\\backend\\node_modules\\jest-runner\\build\\runTest.js:444:34)"],"fullName":"Document Routes Integration Tests POST /api/documents/:id/validate should reject validation if document already validated","invocations":1,"location":null,"numPassingAsserts":0,"retryReasons":[],"status":"failed","title":"should reject validation if document already validated"},{"ancestorTitles":["Document Routes Integration Tests","DELETE /api/documents/:id"],"duration":3,"failureDetails":[{}],"failureMessages":["ReferenceError: testHelpers is not defined\n    at Object.testUser (C:\\Users\\UserLA7007\\heraclion\\backend\\tests\\integration\\documents.test.js:41:5)\n    at Promise.then.completed (C:\\Users\\UserLA7007\\heraclion\\backend\\node_modules\\jest-circus\\build\\utils.js:298:28)\n    at new Promise (<anonymous>)\n    at callAsyncCircusFn (C:\\Users\\UserLA7007\\heraclion\\backend\\node_modules\\jest-circus\\build\\utils.js:231:10)\n    at _callCircusHook (C:\\Users\\UserLA7007\\heraclion\\backend\\node_modules\\jest-circus\\build\\run.js:281:40)\n    at processTicksAndRejections (node:internal/process/task_queues:105:5)\n    at _runTestsForDescribeBlock (C:\\Users\\UserLA7007\\heraclion\\backend\\node_modules\\jest-circus\\build\\run.js:95:7)\n    at _runTestsForDescribeBlock (C:\\Users\\UserLA7007\\heraclion\\backend\\node_modules\\jest-circus\\build\\run.js:121:9)\n    at run (C:\\Users\\UserLA7007\\heraclion\\backend\\node_modules\\jest-circus\\build\\run.js:71:3)\n    at runAndTransformResultsToJestFormat (C:\\Users\\UserLA7007\\heraclion\\backend\\node_modules\\jest-circus\\build\\legacy-code-todo-rewrite\\jestAdapterInit.js:122:21)\n    at jestAdapter (C:\\Users\\UserLA7007\\heraclion\\backend\\node_modules\\jest-circus\\build\\legacy-code-todo-rewrite\\jestAdapter.js:79:19)\n    at runTestInternal (C:\\Users\\UserLA7007\\heraclion\\backend\\node_modules\\jest-runner\\build\\runTest.js:367:16)\n    at runTest (C:\\Users\\UserLA7007\\heraclion\\backend\\node_modules\\jest-runner\\build\\runTest.js:444:34)"],"fullName":"Document Routes Integration Tests DELETE /api/documents/:id should delete document if status is BROUILLON","invocations":1,"location":null,"numPassingAsserts":0,"retryReasons":[],"status":"failed","title":"should delete document if status is BROUILLON"},{"ancestorTitles":["Document Routes Integration Tests","DELETE /api/documents/:id"],"duration":1,"failureDetails":[{}],"failureMessages":["ReferenceError: testHelpers is not defined\n    at Object.testUser (C:\\Users\\UserLA7007\\heraclion\\backend\\tests\\integration\\documents.test.js:41:5)\n    at Promise.then.completed (C:\\Users\\UserLA7007\\heraclion\\backend\\node_modules\\jest-circus\\build\\utils.js:298:28)\n    at new Promise (<anonymous>)\n    at callAsyncCircusFn (C:\\Users\\UserLA7007\\heraclion\\backend\\node_modules\\jest-circus\\build\\utils.js:231:10)\n    at _callCircusHook (C:\\Users\\UserLA7007\\heraclion\\backend\\node_modules\\jest-circus\\build\\run.js:281:40)\n    at processTicksAndRejections (node:internal/process/task_queues:105:5)\n    at _runTestsForDescribeBlock (C:\\Users\\UserLA7007\\heraclion\\backend\\node_modules\\jest-circus\\build\\run.js:95:7)\n    at _runTestsForDescribeBlock (C:\\Users\\UserLA7007\\heraclion\\backend\\node_modules\\jest-circus\\build\\run.js:121:9)\n    at run (C:\\Users\\UserLA7007\\heraclion\\backend\\node_modules\\jest-circus\\build\\run.js:71:3)\n    at runAndTransformResultsToJestFormat (C:\\Users\\UserLA7007\\heraclion\\backend\\node_modules\\jest-circus\\build\\legacy-code-todo-rewrite\\jestAdapterInit.js:122:21)\n    at jestAdapter (C:\\Users\\UserLA7007\\heraclion\\backend\\node_modules\\jest-circus\\build\\legacy-code-todo-rewrite\\jestAdapter.js:79:19)\n    at runTestInternal (C:\\Users\\UserLA7007\\heraclion\\backend\\node_modules\\jest-runner\\build\\runTest.js:367:16)\n    at runTest (C:\\Users\\UserLA7007\\heraclion\\backend\\node_modules\\jest-runner\\build\\runTest.js:444:34)"],"fullName":"Document Routes Integration Tests DELETE /api/documents/:id should reject deletion if document is not BROUILLON","invocations":1,"location":null,"numPassingAsserts":0,"retryReasons":[],"status":"failed","title":"should reject deletion if document is not BROUILLON"},{"ancestorTitles":["Document Routes Integration Tests","GET /api/documents/:id/pdf"],"duration":1,"failureDetails":[{}],"failureMessages":["ReferenceError: testHelpers is not defined\n    at Object.testUser (C:\\Users\\UserLA7007\\heraclion\\backend\\tests\\integration\\documents.test.js:41:5)\n    at Promise.then.completed (C:\\Users\\UserLA7007\\heraclion\\backend\\node_modules\\jest-circus\\build\\utils.js:298:28)\n    at new Promise (<anonymous>)\n    at callAsyncCircusFn (C:\\Users\\UserLA7007\\heraclion\\backend\\node_modules\\jest-circus\\build\\utils.js:231:10)\n    at _callCircusHook (C:\\Users\\UserLA7007\\heraclion\\backend\\node_modules\\jest-circus\\build\\run.js:281:40)\n    at processTicksAndRejections (node:internal/process/task_queues:105:5)\n    at _runTestsForDescribeBlock (C:\\Users\\UserLA7007\\heraclion\\backend\\node_modules\\jest-circus\\build\\run.js:95:7)\n    at _runTestsForDescribeBlock (C:\\Users\\UserLA7007\\heraclion\\backend\\node_modules\\jest-circus\\build\\run.js:121:9)\n    at run (C:\\Users\\UserLA7007\\heraclion\\backend\\node_modules\\jest-circus\\build\\run.js:71:3)\n    at runAndTransformResultsToJestFormat (C:\\Users\\UserLA7007\\heraclion\\backend\\node_modules\\jest-circus\\build\\legacy-code-todo-rewrite\\jestAdapterInit.js:122:21)\n    at jestAdapter (C:\\Users\\UserLA7007\\heraclion\\backend\\node_modules\\jest-circus\\build\\legacy-code-todo-rewrite\\jestAdapter.js:79:19)\n    at runTestInternal (C:\\Users\\UserLA7007\\heraclion\\backend\\node_modules\\jest-runner\\build\\runTest.js:367:16)\n    at runTest (C:\\Users\\UserLA7007\\heraclion\\backend\\node_modules\\jest-runner\\build\\runTest.js:444:34)"],"fullName":"Document Routes Integration Tests GET /api/documents/:id/pdf should generate and return PDF","invocations":1,"location":null,"numPassingAsserts":0,"retryReasons":[],"status":"failed","title":"should generate and return PDF"},{"ancestorTitles":["Document Routes Integration Tests","POST /api/documents/:id/send"],"duration":1,"failureDetails":[{}],"failureMessages":["ReferenceError: testHelpers is not defined\n    at Object.testUser (C:\\Users\\UserLA7007\\heraclion\\backend\\tests\\integration\\documents.test.js:41:5)\n    at Promise.then.completed (C:\\Users\\UserLA7007\\heraclion\\backend\\node_modules\\jest-circus\\build\\utils.js:298:28)\n    at new Promise (<anonymous>)\n    at callAsyncCircusFn (C:\\Users\\UserLA7007\\heraclion\\backend\\node_modules\\jest-circus\\build\\utils.js:231:10)\n    at _callCircusHook (C:\\Users\\UserLA7007\\heraclion\\backend\\node_modules\\jest-circus\\build\\run.js:281:40)\n    at processTicksAndRejections (node:internal/process/task_queues:105:5)\n    at _runTestsForDescribeBlock (C:\\Users\\UserLA7007\\heraclion\\backend\\node_modules\\jest-circus\\build\\run.js:95:7)\n    at _runTestsForDescribeBlock (C:\\Users\\UserLA7007\\heraclion\\backend\\node_modules\\jest-circus\\build\\run.js:121:9)\n    at run (C:\\Users\\UserLA7007\\heraclion\\backend\\node_modules\\jest-circus\\build\\run.js:71:3)\n    at runAndTransformResultsToJestFormat (C:\\Users\\UserLA7007\\heraclion\\backend\\node_modules\\jest-circus\\build\\legacy-code-todo-rewrite\\jestAdapterInit.js:122:21)\n    at jestAdapter (C:\\Users\\UserLA7007\\heraclion\\backend\\node_modules\\jest-circus\\build\\legacy-code-todo-rewrite\\jestAdapter.js:79:19)\n    at runTestInternal (C:\\Users\\UserLA7007\\heraclion\\backend\\node_modules\\jest-runner\\build\\runTest.js:367:16)\n    at runTest (C:\\Users\\UserLA7007\\heraclion\\backend\\node_modules\\jest-runner\\build\\runTest.js:444:34)"],"fullName":"Document Routes Integration Tests POST /api/documents/:id/send should send document by email","invocations":1,"location":null,"numPassingAsserts":0,"retryReasons":[],"status":"failed","title":"should send document by email"}],"endTime":1761319431765,"message":"\u001b[1m\u001b[31m  \u001b[1m● \u001b[22m\u001b[1mDocument Routes Integration Tests › GET /api/documents › should return paginated list of documents\u001b[39m\u001b[22m\n\n    ReferenceError: testHelpers is not defined\n\u001b[2m\u001b[22m\n\u001b[2m    \u001b[0m \u001b[90m 39 |\u001b[39m     \u001b[22m\n\u001b[2m     \u001b[90m 40 |\u001b[39m     \u001b[90m// Données de test\u001b[39m\u001b[22m\n\u001b[2m    \u001b[31m\u001b[1m>\u001b[22m\u001b[2m\u001b[39m\u001b[90m 41 |\u001b[39m     testUser \u001b[33m=\u001b[39m testHelpers\u001b[33m.\u001b[39mcreateTestUser({ role\u001b[33m:\u001b[39m \u001b[32m'ADMIN'\u001b[39m })\u001b[33m;\u001b[39m\u001b[22m\n\u001b[2m     \u001b[90m    |\u001b[39m     \u001b[31m\u001b[1m^\u001b[22m\u001b[2m\u001b[39m\u001b[22m\n\u001b[2m     \u001b[90m 42 |\u001b[39m     testClient \u001b[33m=\u001b[39m testHelpers\u001b[33m.\u001b[39mcreateTestClient()\u001b[33m;\u001b[39m\u001b[22m\n\u001b[2m     \u001b[90m 43 |\u001b[39m     testEntreprise \u001b[33m=\u001b[39m testHelpers\u001b[33m.\u001b[39mcreateTestEntreprise()\u001b[33m;\u001b[39m\u001b[22m\n\u001b[2m     \u001b[90m 44 |\u001b[39m     authToken \u001b[33m=\u001b[39m testHelpers\u001b[33m.\u001b[39mcreateTestToken(testUser\u001b[33m.\u001b[39mid\u001b[33m,\u001b[39m testUser\u001b[33m.\u001b[39mrole)\u001b[33m;\u001b[39m\u001b[0m\u001b[22m\n\u001b[2m\u001b[22m\n\u001b[2m      \u001b[2mat Object.testUser (\u001b[22m\u001b[2m\u001b[0m\u001b[36mtests/integration/documents.test.js\u001b[39m\u001b[0m\u001b[2m:41:5)\u001b[22m\u001b[2m\u001b[22m\n\n\u001b[1m\u001b[31m  \u001b[1m● \u001b[22m\u001b[1mDocument Routes Integration Tests › GET /api/documents › should require authentication\u001b[39m\u001b[22m\n\n    ReferenceError: testHelpers is not defined\n\u001b[2m\u001b[22m\n\u001b[2m    \u001b[0m \u001b[90m 39 |\u001b[39m     \u001b[22m\n\u001b[2m     \u001b[90m 40 |\u001b[39m     \u001b[90m// Données de test\u001b[39m\u001b[22m\n\u001b[2m    \u001b[31m\u001b[1m>\u001b[22m\u001b[2m\u001b[39m\u001b[90m 41 |\u001b[39m     testUser \u001b[33m=\u001b[39m testHelpers\u001b[33m.\u001b[39mcreateTestUser({ role\u001b[33m:\u001b[39m \u001b[32m'ADMIN'\u001b[39m })\u001b[33m;\u001b[39m\u001b[22m\n\u001b[2m     \u001b[90m    |\u001b[39m     \u001b[31m\u001b[1m^\u001b[22m\u001b[2m\u001b[39m\u001b[22m\n\u001b[2m     \u001b[90m 42 |\u001b[39m     testClient \u001b[33m=\u001b[39m testHelpers\u001b[33m.\u001b[39mcreateTestClient()\u001b[33m;\u001b[39m\u001b[22m\n\u001b[2m     \u001b[90m 43 |\u001b[39m     testEntreprise \u001b[33m=\u001b[39m testHelpers\u001b[33m.\u001b[39mcreateTestEntreprise()\u001b[33m;\u001b[39m\u001b[22m\n\u001b[2m     \u001b[90m 44 |\u001b[39m     authToken \u001b[33m=\u001b[39m testHelpers\u001b[33m.\u001b[39mcreateTestToken(testUser\u001b[33m.\u001b[39mid\u001b[33m,\u001b[39m testUser\u001b[33m.\u001b[39mrole)\u001b[33m;\u001b[39m\u001b[0m\u001b[22m\n\u001b[2m\u001b[22m\n\u001b[2m      \u001b[2mat Object.testUser (\u001b[22m\u001b[2m\u001b[0m\u001b[36mtests/integration/documents.test.js\u001b[39m\u001b[0m\u001b[2m:41:5)\u001b[22m\u001b[2m\u001b[22m\n\n\u001b[1m\u001b[31m  \u001b[1m● \u001b[22m\u001b[1mDocument Routes Integration Tests › GET /api/documents › should validate query parameters\u001b[39m\u001b[22m\n\n    ReferenceError: testHelpers is not defined\n\u001b[2m\u001b[22m\n\u001b[2m    \u001b[0m \u001b[90m 39 |\u001b[39m     \u001b[22m\n\u001b[2m     \u001b[90m 40 |\u001b[39m     \u001b[90m// Données de test\u001b[39m\u001b[22m\n\u001b[2m    \u001b[31m\u001b[1m>\u001b[22m\u001b[2m\u001b[39m\u001b[90m 41 |\u001b[39m     testUser \u001b[33m=\u001b[39m testHelpers\u001b[33m.\u001b[39mcreateTestUser({ role\u001b[33m:\u001b[39m \u001b[32m'ADMIN'\u001b[39m })\u001b[33m;\u001b[39m\u001b[22m\n\u001b[2m     \u001b[90m    |\u001b[39m     \u001b[31m\u001b[1m^\u001b[22m\u001b[2m\u001b[39m\u001b[22m\n\u001b[2m     \u001b[90m 42 |\u001b[39m     testClient \u001b[33m=\u001b[39m testHelpers\u001b[33m.\u001b[39mcreateTestClient()\u001b[33m;\u001b[39m\u001b[22m\n\u001b[2m     \u001b[90m 43 |\u001b[39m     testEntreprise \u001b[33m=\u001b[39m testHelpers\u001b[33m.\u001b[39mcreateTestEntreprise()\u001b[33m;\u001b[39m\u001b[22m\n\u001b[2m     \u001b[90m 44 |\u001b[39m     authToken \u001b[33m=\u001b[39m testHelpers\u001b[33m.\u001b[39mcreateTestToken(testUser\u001b[33m.\u001b[39mid\u001b[33m,\u001b[39m testUser\u001b[33m.\u001b[39mrole)\u001b[33m;\u001b[39m\u001b[0m\u001b[22m\n\u001b[2m\u001b[22m\n\u001b[2m      \u001b[2mat Object.testUser (\u001b[22m\u001b[2m\u001b[0m\u001b[36mtests/integration/documents.test.js\u001b[39m\u001b[0m\u001b[2m:41:5)\u001b[22m\u001b[2m\u001b[22m\n\n\u001b[1m\u001b[31m  \u001b[1m● \u001b[22m\u001b[1mDocument Routes Integration Tests › POST /api/documents › should create a new document\u001b[39m\u001b[22m\n\n    ReferenceError: testHelpers is not defined\n\u001b[2m\u001b[22m\n\u001b[2m    \u001b[0m \u001b[90m 39 |\u001b[39m     \u001b[22m\n\u001b[2m     \u001b[90m 40 |\u001b[39m     \u001b[90m// Données de test\u001b[39m\u001b[22m\n\u001b[2m    \u001b[31m\u001b[1m>\u001b[22m\u001b[2m\u001b[39m\u001b[90m 41 |\u001b[39m     testUser \u001b[33m=\u001b[39m testHelpers\u001b[33m.\u001b[39mcreateTestUser({ role\u001b[33m:\u001b[39m \u001b[32m'ADMIN'\u001b[39m })\u001b[33m;\u001b[39m\u001b[22m\n\u001b[2m     \u001b[90m    |\u001b[39m     \u001b[31m\u001b[1m^\u001b[22m\u001b[2m\u001b[39m\u001b[22m\n\u001b[2m     \u001b[90m 42 |\u001b[39m     testClient \u001b[33m=\u001b[39m testHelpers\u001b[33m.\u001b[39mcreateTestClient()\u001b[33m;\u001b[39m\u001b[22m\n\u001b[2m     \u001b[90m 43 |\u001b[39m     testEntreprise \u001b[33m=\u001b[39m testHelpers\u001b[33m.\u001b[39mcreateTestEntreprise()\u001b[33m;\u001b[39m\u001b[22m\n\u001b[2m     \u001b[90m 44 |\u001b[39m     authToken \u001b[33m=\u001b[39m testHelpers\u001b[33m.\u001b[39mcreateTestToken(testUser\u001b[33m.\u001b[39mid\u001b[33m,\u001b[39m testUser\u001b[33m.\u001b[39mrole)\u001b[33m;\u001b[39m\u001b[0m\u001b[22m\n\u001b[2m\u001b[22m\n\u001b[2m      \u001b[2mat Object.testUser (\u001b[22m\u001b[2m\u001b[0m\u001b[36mtests/integration/documents.test.js\u001b[39m\u001b[0m\u001b[2m:41:5)\u001b[22m\u001b[2m\u001b[22m\n\n\u001b[1m\u001b[31m  \u001b[1m● \u001b[22m\u001b[1mDocument Routes Integration Tests › POST /api/documents › should validate document data\u001b[39m\u001b[22m\n\n    ReferenceError: testHelpers is not defined\n\u001b[2m\u001b[22m\n\u001b[2m    \u001b[0m \u001b[90m 39 |\u001b[39m     \u001b[22m\n\u001b[2m     \u001b[90m 40 |\u001b[39m     \u001b[90m// Données de test\u001b[39m\u001b[22m\n\u001b[2m    \u001b[31m\u001b[1m>\u001b[22m\u001b[2m\u001b[39m\u001b[90m 41 |\u001b[39m     testUser \u001b[33m=\u001b[39m testHelpers\u001b[33m.\u001b[39mcreateTestUser({ role\u001b[33m:\u001b[39m \u001b[32m'ADMIN'\u001b[39m })\u001b[33m;\u001b[39m\u001b[22m\n\u001b[2m     \u001b[90m    |\u001b[39m     \u001b[31m\u001b[1m^\u001b[22m\u001b[2m\u001b[39m\u001b[22m\n\u001b[2m     \u001b[90m 42 |\u001b[39m     testClient \u001b[33m=\u001b[39m testHelpers\u001b[33m.\u001b[39mcreateTestClient()\u001b[33m;\u001b[39m\u001b[22m\n\u001b[2m     \u001b[90m 43 |\u001b[39m     testEntreprise \u001b[33m=\u001b[39m testHelpers\u001b[33m.\u001b[39mcreateTestEntreprise()\u001b[33m;\u001b[39m\u001b[22m\n\u001b[2m     \u001b[90m 44 |\u001b[39m     authToken \u001b[33m=\u001b[39m testHelpers\u001b[33m.\u001b[39mcreateTestToken(testUser\u001b[33m.\u001b[39mid\u001b[33m,\u001b[39m testUser\u001b[33m.\u001b[39mrole)\u001b[33m;\u001b[39m\u001b[0m\u001b[22m\n\u001b[2m\u001b[22m\n\u001b[2m      \u001b[2mat Object.testUser (\u001b[22m\u001b[2m\u001b[0m\u001b[36mtests/integration/documents.test.js\u001b[39m\u001b[0m\u001b[2m:41:5)\u001b[22m\u001b[2m\u001b[22m\n\n\u001b[1m\u001b[31m  \u001b[1m● \u001b[22m\u001b[1mDocument Routes Integration Tests › POST /api/documents › should calculate document totals automatically\u001b[39m\u001b[22m\n\n    ReferenceError: testHelpers is not defined\n\u001b[2m\u001b[22m\n\u001b[2m    \u001b[0m \u001b[90m 39 |\u001b[39m     \u001b[22m\n\u001b[2m     \u001b[90m 40 |\u001b[39m     \u001b[90m// Données de test\u001b[39m\u001b[22m\n\u001b[2m    \u001b[31m\u001b[1m>\u001b[22m\u001b[2m\u001b[39m\u001b[90m 41 |\u001b[39m     testUser \u001b[33m=\u001b[39m testHelpers\u001b[33m.\u001b[39mcreateTestUser({ role\u001b[33m:\u001b[39m \u001b[32m'ADMIN'\u001b[39m })\u001b[33m;\u001b[39m\u001b[22m\n\u001b[2m     \u001b[90m    |\u001b[39m     \u001b[31m\u001b[1m^\u001b[22m\u001b[2m\u001b[39m\u001b[22m\n\u001b[2m     \u001b[90m 42 |\u001b[39m     testClient \u001b[33m=\u001b[39m testHelpers\u001b[33m.\u001b[39mcreateTestClient()\u001b[33m;\u001b[39m\u001b[22m\n\u001b[2m     \u001b[90m 43 |\u001b[39m     testEntreprise \u001b[33m=\u001b[39m testHelpers\u001b[33m.\u001b[39mcreateTestEntreprise()\u001b[33m;\u001b[39m\u001b[22m\n\u001b[2m     \u001b[90m 44 |\u001b[39m     authToken \u001b[33m=\u001b[39m testHelpers\u001b[33m.\u001b[39mcreateTestToken(testUser\u001b[33m.\u001b[39mid\u001b[33m,\u001b[39m testUser\u001b[33m.\u001b[39mrole)\u001b[33m;\u001b[39m\u001b[0m\u001b[22m\n\u001b[2m\u001b[22m\n\u001b[2m      \u001b[2mat Object.testUser (\u001b[22m\u001b[2m\u001b[0m\u001b[36mtests/integration/documents.test.js\u001b[39m\u001b[0m\u001b[2m:41:5)\u001b[22m\u001b[2m\u001b[22m\n\n\u001b[1m\u001b[31m  \u001b[1m● \u001b[22m\u001b[1mDocument Routes Integration Tests › GET /api/documents/:id › should return document by ID\u001b[39m\u001b[22m\n\n    ReferenceError: testHelpers is not defined\n\u001b[2m\u001b[22m\n\u001b[2m    \u001b[0m \u001b[90m 39 |\u001b[39m     \u001b[22m\n\u001b[2m     \u001b[90m 40 |\u001b[39m     \u001b[90m// Données de test\u001b[39m\u001b[22m\n\u001b[2m    \u001b[31m\u001b[1m>\u001b[22m\u001b[2m\u001b[39m\u001b[90m 41 |\u001b[39m     testUser \u001b[33m=\u001b[39m testHelpers\u001b[33m.\u001b[39mcreateTestUser({ role\u001b[33m:\u001b[39m \u001b[32m'ADMIN'\u001b[39m })\u001b[33m;\u001b[39m\u001b[22m\n\u001b[2m     \u001b[90m    |\u001b[39m     \u001b[31m\u001b[1m^\u001b[22m\u001b[2m\u001b[39m\u001b[22m\n\u001b[2m     \u001b[90m 42 |\u001b[39m     testClient \u001b[33m=\u001b[39m testHelpers\u001b[33m.\u001b[39mcreateTestClient()\u001b[33m;\u001b[39m\u001b[22m\n\u001b[2m     \u001b[90m 43 |\u001b[39m     testEntreprise \u001b[33m=\u001b[39m testHelpers\u001b[33m.\u001b[39mcreateTestEntreprise()\u001b[33m;\u001b[39m\u001b[22m\n\u001b[2m     \u001b[90m 44 |\u001b[39m     authToken \u001b[33m=\u001b[39m testHelpers\u001b[33m.\u001b[39mcreateTestToken(testUser\u001b[33m.\u001b[39mid\u001b[33m,\u001b[39m testUser\u001b[33m.\u001b[39mrole)\u001b[33m;\u001b[39m\u001b[0m\u001b[22m\n\u001b[2m\u001b[22m\n\u001b[2m      \u001b[2mat Object.testUser (\u001b[22m\u001b[2m\u001b[0m\u001b[36mtests/integration/documents.test.js\u001b[39m\u001b[0m\u001b[2m:41:5)\u001b[22m\u001b[2m\u001b[22m\n\n\u001b[1m\u001b[31m  \u001b[1m● \u001b[22m\u001b[1mDocument Routes Integration Tests › GET /api/documents/:id › should return 404 for non-existent document\u001b[39m\u001b[22m\n\n    ReferenceError: testHelpers is not defined\n\u001b[2m\u001b[22m\n\u001b[2m    \u001b[0m \u001b[90m 39 |\u001b[39m     \u001b[22m\n\u001b[2m     \u001b[90m 40 |\u001b[39m     \u001b[90m// Données de test\u001b[39m\u001b[22m\n\u001b[2m    \u001b[31m\u001b[1m>\u001b[22m\u001b[2m\u001b[39m\u001b[90m 41 |\u001b[39m     testUser \u001b[33m=\u001b[39m testHelpers\u001b[33m.\u001b[39mcreateTestUser({ role\u001b[33m:\u001b[39m \u001b[32m'ADMIN'\u001b[39m })\u001b[33m;\u001b[39m\u001b[22m\n\u001b[2m     \u001b[90m    |\u001b[39m     \u001b[31m\u001b[1m^\u001b[22m\u001b[2m\u001b[39m\u001b[22m\n\u001b[2m     \u001b[90m 42 |\u001b[39m     testClient \u001b[33m=\u001b[39m testHelpers\u001b[33m.\u001b[39mcreateTestClient()\u001b[33m;\u001b[39m\u001b[22m\n\u001b[2m     \u001b[90m 43 |\u001b[39m     testEntreprise \u001b[33m=\u001b[39m testHelpers\u001b[33m.\u001b[39mcreateTestEntreprise()\u001b[33m;\u001b[39m\u001b[22m\n\u001b[2m     \u001b[90m 44 |\u001b[39m     authToken \u001b[33m=\u001b[39m testHelpers\u001b[33m.\u001b[39mcreateTestToken(testUser\u001b[33m.\u001b[39mid\u001b[33m,\u001b[39m testUser\u001b[33m.\u001b[39mrole)\u001b[33m;\u001b[39m\u001b[0m\u001b[22m\n\u001b[2m\u001b[22m\n\u001b[2m      \u001b[2mat Object.testUser (\u001b[22m\u001b[2m\u001b[0m\u001b[36mtests/integration/documents.test.js\u001b[39m\u001b[0m\u001b[2m:41:5)\u001b[22m\u001b[2m\u001b[22m\n\n\u001b[1m\u001b[31m  \u001b[1m● \u001b[22m\u001b[1mDocument Routes Integration Tests › PUT /api/documents/:id › should update document if status is BROUILLON\u001b[39m\u001b[22m\n\n    ReferenceError: testHelpers is not defined\n\u001b[2m\u001b[22m\n\u001b[2m    \u001b[0m \u001b[90m 39 |\u001b[39m     \u001b[22m\n\u001b[2m     \u001b[90m 40 |\u001b[39m     \u001b[90m// Données de test\u001b[39m\u001b[22m\n\u001b[2m    \u001b[31m\u001b[1m>\u001b[22m\u001b[2m\u001b[39m\u001b[90m 41 |\u001b[39m     testUser \u001b[33m=\u001b[39m testHelpers\u001b[33m.\u001b[39mcreateTestUser({ role\u001b[33m:\u001b[39m \u001b[32m'ADMIN'\u001b[39m })\u001b[33m;\u001b[39m\u001b[22m\n\u001b[2m     \u001b[90m    |\u001b[39m     \u001b[31m\u001b[1m^\u001b[22m\u001b[2m\u001b[39m\u001b[22m\n\u001b[2m     \u001b[90m 42 |\u001b[39m     testClient \u001b[33m=\u001b[39m testHelpers\u001b[33m.\u001b[39mcreateTestClient()\u001b[33m;\u001b[39m\u001b[22m\n\u001b[2m     \u001b[90m 43 |\u001b[39m     testEntreprise \u001b[33m=\u001b[39m testHelpers\u001b[33m.\u001b[39mcreateTestEntreprise()\u001b[33m;\u001b[39m\u001b[22m\n\u001b[2m     \u001b[90m 44 |\u001b[39m     authToken \u001b[33m=\u001b[39m testHelpers\u001b[33m.\u001b[39mcreateTestToken(testUser\u001b[33m.\u001b[39mid\u001b[33m,\u001b[39m testUser\u001b[33m.\u001b[39mrole)\u001b[33m;\u001b[39m\u001b[0m\u001b[22m\n\u001b[2m\u001b[22m\n\u001b[2m      \u001b[2mat Object.testUser (\u001b[22m\u001b[2m\u001b[0m\u001b[36mtests/integration/documents.test.js\u001b[39m\u001b[0m\u001b[2m:41:5)\u001b[22m\u001b[2m\u001b[22m\n\n\u001b[1m\u001b[31m  \u001b[1m● \u001b[22m\u001b[1mDocument Routes Integration Tests › PUT /api/documents/:id › should reject update if document is not BROUILLON\u001b[39m\u001b[22m\n\n    ReferenceError: testHelpers is not defined\n\u001b[2m\u001b[22m\n\u001b[2m    \u001b[0m \u001b[90m 39 |\u001b[39m     \u001b[22m\n\u001b[2m     \u001b[90m 40 |\u001b[39m     \u001b[90m// Données de test\u001b[39m\u001b[22m\n\u001b[2m    \u001b[31m\u001b[1m>\u001b[22m\u001b[2m\u001b[39m\u001b[90m 41 |\u001b[39m     testUser \u001b[33m=\u001b[39m testHelpers\u001b[33m.\u001b[39mcreateTestUser({ role\u001b[33m:\u001b[39m \u001b[32m'ADMIN'\u001b[39m })\u001b[33m;\u001b[39m\u001b[22m\n\u001b[2m     \u001b[90m    |\u001b[39m     \u001b[31m\u001b[1m^\u001b[22m\u001b[2m\u001b[39m\u001b[22m\n\u001b[2m     \u001b[90m 42 |\u001b[39m     testClient \u001b[33m=\u001b[39m testHelpers\u001b[33m.\u001b[39mcreateTestClient()\u001b[33m;\u001b[39m\u001b[22m\n\u001b[2m     \u001b[90m 43 |\u001b[39m     testEntreprise \u001b[33m=\u001b[39m testHelpers\u001b[33m.\u001b[39mcreateTestEntreprise()\u001b[33m;\u001b[39m\u001b[22m\n\u001b[2m     \u001b[90m 44 |\u001b[39m     authToken \u001b[33m=\u001b[39m testHelpers\u001b[33m.\u001b[39mcreateTestToken(testUser\u001b[33m.\u001b[39mid\u001b[33m,\u001b[39m testUser\u001b[33m.\u001b[39mrole)\u001b[33m;\u001b[39m\u001b[0m\u001b[22m\n\u001b[2m\u001b[22m\n\u001b[2m      \u001b[2mat Object.testUser (\u001b[22m\u001b[2m\u001b[0m\u001b[36mtests/integration/documents.test.js\u001b[39m\u001b[0m\u001b[2m:41:5)\u001b[22m\u001b[2m\u001b[22m\n\n\u001b[1m\u001b[31m  \u001b[1m● \u001b[22m\u001b[1mDocument Routes Integration Tests › POST /api/documents/:id/validate › should validate document and change status to EMISE\u001b[39m\u001b[22m\n\n    ReferenceError: testHelpers is not defined\n\u001b[2m\u001b[22m\n\u001b[2m    \u001b[0m \u001b[90m 39 |\u001b[39m     \u001b[22m\n\u001b[2m     \u001b[90m 40 |\u001b[39m     \u001b[90m// Données de test\u001b[39m\u001b[22m\n\u001b[2m    \u001b[31m\u001b[1m>\u001b[22m\u001b[2m\u001b[39m\u001b[90m 41 |\u001b[39m     testUser \u001b[33m=\u001b[39m testHelpers\u001b[33m.\u001b[39mcreateTestUser({ role\u001b[33m:\u001b[39m \u001b[32m'ADMIN'\u001b[39m })\u001b[33m;\u001b[39m\u001b[22m\n\u001b[2m     \u001b[90m    |\u001b[39m     \u001b[31m\u001b[1m^\u001b[22m\u001b[2m\u001b[39m\u001b[22m\n\u001b[2m     \u001b[90m 42 |\u001b[39m     testClient \u001b[33m=\u001b[39m testHelpers\u001b[33m.\u001b[39mcreateTestClient()\u001b[33m;\u001b[39m\u001b[22m\n\u001b[2m     \u001b[90m 43 |\u001b[39m     testEntreprise \u001b[33m=\u001b[39m testHelpers\u001b[33m.\u001b[39mcreateTestEntreprise()\u001b[33m;\u001b[39m\u001b[22m\n\u001b[2m     \u001b[90m 44 |\u001b[39m     authToken \u001b[33m=\u001b[39m testHelpers\u001b[33m.\u001b[39mcreateTestToken(testUser\u001b[33m.\u001b[39mid\u001b[33m,\u001b[39m testUser\u001b[33m.\u001b[39mrole)\u001b[33m;\u001b[39m\u001b[0m\u001b[22m\n\u001b[2m\u001b[22m\n\u001b[2m      \u001b[2mat Object.testUser (\u001b[22m\u001b[2m\u001b[0m\u001b[36mtests/integration/documents.test.js\u001b[39m\u001b[0m\u001b[2m:41:5)\u001b[22m\u001b[2m\u001b[22m\n\n\u001b[1m\u001b[31m  \u001b[1m● \u001b[22m\u001b[1mDocument Routes Integration Tests › POST /api/documents/:id/validate › should reject validation if document already validated\u001b[39m\u001b[22m\n\n    ReferenceError: testHelpers is not defined\n\u001b[2m\u001b[22m\n\u001b[2m    \u001b[0m \u001b[90m 39 |\u001b[39m     \u001b[22m\n\u001b[2m     \u001b[90m 40 |\u001b[39m     \u001b[90m// Données de test\u001b[39m\u001b[22m\n\u001b[2m    \u001b[31m\u001b[1m>\u001b[22m\u001b[2m\u001b[39m\u001b[90m 41 |\u001b[39m     testUser \u001b[33m=\u001b[39m testHelpers\u001b[33m.\u001b[39mcreateTestUser({ role\u001b[33m:\u001b[39m \u001b[32m'ADMIN'\u001b[39m })\u001b[33m;\u001b[39m\u001b[22m\n\u001b[2m     \u001b[90m    |\u001b[39m     \u001b[31m\u001b[1m^\u001b[22m\u001b[2m\u001b[39m\u001b[22m\n\u001b[2m     \u001b[90m 42 |\u001b[39m     testClient \u001b[33m=\u001b[39m testHelpers\u001b[33m.\u001b[39mcreateTestClient()\u001b[33m;\u001b[39m\u001b[22m\n\u001b[2m     \u001b[90m 43 |\u001b[39m     testEntreprise \u001b[33m=\u001b[39m testHelpers\u001b[33m.\u001b[39mcreateTestEntreprise()\u001b[33m;\u001b[39m\u001b[22m\n\u001b[2m     \u001b[90m 44 |\u001b[39m     authToken \u001b[33m=\u001b[39m testHelpers\u001b[33m.\u001b[39mcreateTestToken(testUser\u001b[33m.\u001b[39mid\u001b[33m,\u001b[39m testUser\u001b[33m.\u001b[39mrole)\u001b[33m;\u001b[39m\u001b[0m\u001b[22m\n\u001b[2m\u001b[22m\n\u001b[2m      \u001b[2mat Object.testUser (\u001b[22m\u001b[2m\u001b[0m\u001b[36mtests/integration/documents.test.js\u001b[39m\u001b[0m\u001b[2m:41:5)\u001b[22m\u001b[2m\u001b[22m\n\n\u001b[1m\u001b[31m  \u001b[1m● \u001b[22m\u001b[1mDocument Routes Integration Tests › DELETE /api/documents/:id › should delete document if status is BROUILLON\u001b[39m\u001b[22m\n\n    ReferenceError: testHelpers is not defined\n\u001b[2m\u001b[22m\n\u001b[2m    \u001b[0m \u001b[90m 39 |\u001b[39m     \u001b[22m\n\u001b[2m     \u001b[90m 40 |\u001b[39m     \u001b[90m// Données de test\u001b[39m\u001b[22m\n\u001b[2m    \u001b[31m\u001b[1m>\u001b[22m\u001b[2m\u001b[39m\u001b[90m 41 |\u001b[39m     testUser \u001b[33m=\u001b[39m testHelpers\u001b[33m.\u001b[39mcreateTestUser({ role\u001b[33m:\u001b[39m \u001b[32m'ADMIN'\u001b[39m })\u001b[33m;\u001b[39m\u001b[22m\n\u001b[2m     \u001b[90m    |\u001b[39m     \u001b[31m\u001b[1m^\u001b[22m\u001b[2m\u001b[39m\u001b[22m\n\u001b[2m     \u001b[90m 42 |\u001b[39m     testClient \u001b[33m=\u001b[39m testHelpers\u001b[33m.\u001b[39mcreateTestClient()\u001b[33m;\u001b[39m\u001b[22m\n\u001b[2m     \u001b[90m 43 |\u001b[39m     testEntreprise \u001b[33m=\u001b[39m testHelpers\u001b[33m.\u001b[39mcreateTestEntreprise()\u001b[33m;\u001b[39m\u001b[22m\n\u001b[2m     \u001b[90m 44 |\u001b[39m     authToken \u001b[33m=\u001b[39m testHelpers\u001b[33m.\u001b[39mcreateTestToken(testUser\u001b[33m.\u001b[39mid\u001b[33m,\u001b[39m testUser\u001b[33m.\u001b[39mrole)\u001b[33m;\u001b[39m\u001b[0m\u001b[22m\n\u001b[2m\u001b[22m\n\u001b[2m      \u001b[2mat Object.testUser (\u001b[22m\u001b[2m\u001b[0m\u001b[36mtests/integration/documents.test.js\u001b[39m\u001b[0m\u001b[2m:41:5)\u001b[22m\u001b[2m\u001b[22m\n\n\u001b[1m\u001b[31m  \u001b[1m● \u001b[22m\u001b[1mDocument Routes Integration Tests › DELETE /api/documents/:id › should reject deletion if document is not BROUILLON\u001b[39m\u001b[22m\n\n    ReferenceError: testHelpers is not defined\n\u001b[2m\u001b[22m\n\u001b[2m    \u001b[0m \u001b[90m 39 |\u001b[39m     \u001b[22m\n\u001b[2m     \u001b[90m 40 |\u001b[39m     \u001b[90m// Données de test\u001b[39m\u001b[22m\n\u001b[2m    \u001b[31m\u001b[1m>\u001b[22m\u001b[2m\u001b[39m\u001b[90m 41 |\u001b[39m     testUser \u001b[33m=\u001b[39m testHelpers\u001b[33m.\u001b[39mcreateTestUser({ role\u001b[33m:\u001b[39m \u001b[32m'ADMIN'\u001b[39m })\u001b[33m;\u001b[39m\u001b[22m\n\u001b[2m     \u001b[90m    |\u001b[39m     \u001b[31m\u001b[1m^\u001b[22m\u001b[2m\u001b[39m\u001b[22m\n\u001b[2m     \u001b[90m 42 |\u001b[39m     testClient \u001b[33m=\u001b[39m testHelpers\u001b[33m.\u001b[39mcreateTestClient()\u001b[33m;\u001b[39m\u001b[22m\n\u001b[2m     \u001b[90m 43 |\u001b[39m     testEntreprise \u001b[33m=\u001b[39m testHelpers\u001b[33m.\u001b[39mcreateTestEntreprise()\u001b[33m;\u001b[39m\u001b[22m\n\u001b[2m     \u001b[90m 44 |\u001b[39m     authToken \u001b[33m=\u001b[39m testHelpers\u001b[33m.\u001b[39mcreateTestToken(testUser\u001b[33m.\u001b[39mid\u001b[33m,\u001b[39m testUser\u001b[33m.\u001b[39mrole)\u001b[33m;\u001b[39m\u001b[0m\u001b[22m\n\u001b[2m\u001b[22m\n\u001b[2m      \u001b[2mat Object.testUser (\u001b[22m\u001b[2m\u001b[0m\u001b[36mtests/integration/documents.test.js\u001b[39m\u001b[0m\u001b[2m:41:5)\u001b[22m\u001b[2m\u001b[22m\n\n\u001b[1m\u001b[31m  \u001b[1m● \u001b[22m\u001b[1mDocument Routes Integration Tests › GET /api/documents/:id/pdf › should generate and return PDF\u001b[39m\u001b[22m\n\n    ReferenceError: testHelpers is not defined\n\u001b[2m\u001b[22m\n\u001b[2m    \u001b[0m \u001b[90m 39 |\u001b[39m     \u001b[22m\n\u001b[2m     \u001b[90m 40 |\u001b[39m     \u001b[90m// Données de test\u001b[39m\u001b[22m\n\u001b[2m    \u001b[31m\u001b[1m>\u001b[22m\u001b[2m\u001b[39m\u001b[90m 41 |\u001b[39m     testUser \u001b[33m=\u001b[39m testHelpers\u001b[33m.\u001b[39mcreateTestUser({ role\u001b[33m:\u001b[39m \u001b[32m'ADMIN'\u001b[39m })\u001b[33m;\u001b[39m\u001b[22m\n\u001b[2m     \u001b[90m    |\u001b[39m     \u001b[31m\u001b[1m^\u001b[22m\u001b[2m\u001b[39m\u001b[22m\n\u001b[2m     \u001b[90m 42 |\u001b[39m     testClient \u001b[33m=\u001b[39m testHelpers\u001b[33m.\u001b[39mcreateTestClient()\u001b[33m;\u001b[39m\u001b[22m\n\u001b[2m     \u001b[90m 43 |\u001b[39m     testEntreprise \u001b[33m=\u001b[39m testHelpers\u001b[33m.\u001b[39mcreateTestEntreprise()\u001b[33m;\u001b[39m\u001b[22m\n\u001b[2m     \u001b[90m 44 |\u001b[39m     authToken \u001b[33m=\u001b[39m testHelpers\u001b[33m.\u001b[39mcreateTestToken(testUser\u001b[33m.\u001b[39mid\u001b[33m,\u001b[39m testUser\u001b[33m.\u001b[39mrole)\u001b[33m;\u001b[39m\u001b[0m\u001b[22m\n\u001b[2m\u001b[22m\n\u001b[2m      \u001b[2mat Object.testUser (\u001b[22m\u001b[2m\u001b[0m\u001b[36mtests/integration/documents.test.js\u001b[39m\u001b[0m\u001b[2m:41:5)\u001b[22m\u001b[2m\u001b[22m\n\n\u001b[1m\u001b[31m  \u001b[1m● \u001b[22m\u001b[1mDocument Routes Integration Tests › POST /api/documents/:id/send › should send document by email\u001b[39m\u001b[22m\n\n    ReferenceError: testHelpers is not defined\n\u001b[2m\u001b[22m\n\u001b[2m    \u001b[0m \u001b[90m 39 |\u001b[39m     \u001b[22m\n\u001b[2m     \u001b[90m 40 |\u001b[39m     \u001b[90m// Données de test\u001b[39m\u001b[22m\n\u001b[2m    \u001b[31m\u001b[1m>\u001b[22m\u001b[2m\u001b[39m\u001b[90m 41 |\u001b[39m     testUser \u001b[33m=\u001b[39m testHelpers\u001b[33m.\u001b[39mcreateTestUser({ role\u001b[33m:\u001b[39m \u001b[32m'ADMIN'\u001b[39m })\u001b[33m;\u001b[39m\u001b[22m\n\u001b[2m     \u001b[90m    |\u001b[39m     \u001b[31m\u001b[1m^\u001b[22m\u001b[2m\u001b[39m\u001b[22m\n\u001b[2m     \u001b[90m 42 |\u001b[39m     testClient \u001b[33m=\u001b[39m testHelpers\u001b[33m.\u001b[39mcreateTestClient()\u001b[33m;\u001b[39m\u001b[22m\n\u001b[2m     \u001b[90m 43 |\u001b[39m     testEntreprise \u001b[33m=\u001b[39m testHelpers\u001b[33m.\u001b[39mcreateTestEntreprise()\u001b[33m;\u001b[39m\u001b[22m\n\u001b[2m     \u001b[90m 44 |\u001b[39m     authToken \u001b[33m=\u001b[39m testHelpers\u001b[33m.\u001b[39mcreateTestToken(testUser\u001b[33m.\u001b[39mid\u001b[33m,\u001b[39m testUser\u001b[33m.\u001b[39mrole)\u001b[33m;\u001b[39m\u001b[0m\u001b[22m\n\u001b[2m\u001b[22m\n\u001b[2m      \u001b[2mat Object.testUser (\u001b[22m\u001b[2m\u001b[0m\u001b[36mtests/integration/documents.test.js\u001b[39m\u001b[0m\u001b[2m:41:5)\u001b[22m\u001b[2m\u001b[22m\n","name":"C:\\Users\\UserLA7007\\heraclion\\backend\\tests\\integration\\documents.test.js","startTime":1761319419420,"status":"failed","summary":""},{"assertionResults":[{"ancestorTitles":["Client Routes Integration Tests","GET /api/clients"],"duration":3,"failureDetails":[{}],"failureMessages":["ReferenceError: testHelpers is not defined\n    at Object.mockClient (C:\\Users\\UserLA7007\\heraclion\\backend\\tests\\integration\\clients.test.js:27:5)\n    at Promise.then.completed (C:\\Users\\UserLA7007\\heraclion\\backend\\node_modules\\jest-circus\\build\\utils.js:298:28)\n    at new Promise (<anonymous>)\n    at callAsyncCircusFn (C:\\Users\\UserLA7007\\heraclion\\backend\\node_modules\\jest-circus\\build\\utils.js:231:10)\n    at _callCircusHook (C:\\Users\\UserLA7007\\heraclion\\backend\\node_modules\\jest-circus\\build\\run.js:281:40)\n    at _runTestsForDescribeBlock (C:\\Users\\UserLA7007\\heraclion\\backend\\node_modules\\jest-circus\\build\\run.js:95:7)\n    at _runTestsForDescribeBlock (C:\\Users\\UserLA7007\\heraclion\\backend\\node_modules\\jest-circus\\build\\run.js:121:9)\n    at run (C:\\Users\\UserLA7007\\heraclion\\backend\\node_modules\\jest-circus\\build\\run.js:71:3)\n    at runAndTransformResultsToJestFormat (C:\\Users\\UserLA7007\\heraclion\\backend\\node_modules\\jest-circus\\build\\legacy-code-todo-rewrite\\jestAdapterInit.js:122:21)\n    at jestAdapter (C:\\Users\\UserLA7007\\heraclion\\backend\\node_modules\\jest-circus\\build\\legacy-code-todo-rewrite\\jestAdapter.js:79:19)\n    at runTestInternal (C:\\Users\\UserLA7007\\heraclion\\backend\\node_modules\\jest-runner\\build\\runTest.js:367:16)\n    at runTest (C:\\Users\\UserLA7007\\heraclion\\backend\\node_modules\\jest-runner\\build\\runTest.js:444:34)"],"fullName":"Client Routes Integration Tests GET /api/clients should return paginated list of clients","invocations":1,"location":null,"numPassingAsserts":0,"retryReasons":[],"status":"failed","title":"should return paginated list of clients"},{"ancestorTitles":["Client Routes Integration Tests","GET /api/clients"],"duration":2,"failureDetails":[{}],"failureMessages":["ReferenceError: testHelpers is not defined\n    at Object.mockClient (C:\\Users\\UserLA7007\\heraclion\\backend\\tests\\integration\\clients.test.js:27:5)\n    at Promise.then.completed (C:\\Users\\UserLA7007\\heraclion\\backend\\node_modules\\jest-circus\\build\\utils.js:298:28)\n    at new Promise (<anonymous>)\n    at callAsyncCircusFn (C:\\Users\\UserLA7007\\heraclion\\backend\\node_modules\\jest-circus\\build\\utils.js:231:10)\n    at _callCircusHook (C:\\Users\\UserLA7007\\heraclion\\backend\\node_modules\\jest-circus\\build\\run.js:281:40)\n    at _runTestsForDescribeBlock (C:\\Users\\UserLA7007\\heraclion\\backend\\node_modules\\jest-circus\\build\\run.js:95:7)\n    at _runTestsForDescribeBlock (C:\\Users\\UserLA7007\\heraclion\\backend\\node_modules\\jest-circus\\build\\run.js:121:9)\n    at run (C:\\Users\\UserLA7007\\heraclion\\backend\\node_modules\\jest-circus\\build\\run.js:71:3)\n    at runAndTransformResultsToJestFormat (C:\\Users\\UserLA7007\\heraclion\\backend\\node_modules\\jest-circus\\build\\legacy-code-todo-rewrite\\jestAdapterInit.js:122:21)\n    at jestAdapter (C:\\Users\\UserLA7007\\heraclion\\backend\\node_modules\\jest-circus\\build\\legacy-code-todo-rewrite\\jestAdapter.js:79:19)\n    at runTestInternal (C:\\Users\\UserLA7007\\heraclion\\backend\\node_modules\\jest-runner\\build\\runTest.js:367:16)\n    at runTest (C:\\Users\\UserLA7007\\heraclion\\backend\\node_modules\\jest-runner\\build\\runTest.js:444:34)"],"fullName":"Client Routes Integration Tests GET /api/clients should filter clients by search term","invocations":1,"location":null,"numPassingAsserts":0,"retryReasons":[],"status":"failed","title":"should filter clients by search term"},{"ancestorTitles":["Client Routes Integration Tests","GET /api/clients"],"duration":2,"failureDetails":[{}],"failureMessages":["ReferenceError: testHelpers is not defined\n    at Object.mockClient (C:\\Users\\UserLA7007\\heraclion\\backend\\tests\\integration\\clients.test.js:27:5)\n    at Promise.then.completed (C:\\Users\\UserLA7007\\heraclion\\backend\\node_modules\\jest-circus\\build\\utils.js:298:28)\n    at new Promise (<anonymous>)\n    at callAsyncCircusFn (C:\\Users\\UserLA7007\\heraclion\\backend\\node_modules\\jest-circus\\build\\utils.js:231:10)\n    at _callCircusHook (C:\\Users\\UserLA7007\\heraclion\\backend\\node_modules\\jest-circus\\build\\run.js:281:40)\n    at _runTestsForDescribeBlock (C:\\Users\\UserLA7007\\heraclion\\backend\\node_modules\\jest-circus\\build\\run.js:95:7)\n    at _runTestsForDescribeBlock (C:\\Users\\UserLA7007\\heraclion\\backend\\node_modules\\jest-circus\\build\\run.js:121:9)\n    at run (C:\\Users\\UserLA7007\\heraclion\\backend\\node_modules\\jest-circus\\build\\run.js:71:3)\n    at runAndTransformResultsToJestFormat (C:\\Users\\UserLA7007\\heraclion\\backend\\node_modules\\jest-circus\\build\\legacy-code-todo-rewrite\\jestAdapterInit.js:122:21)\n    at jestAdapter (C:\\Users\\UserLA7007\\heraclion\\backend\\node_modules\\jest-circus\\build\\legacy-code-todo-rewrite\\jestAdapter.js:79:19)\n    at runTestInternal (C:\\Users\\UserLA7007\\heraclion\\backend\\node_modules\\jest-runner\\build\\runTest.js:367:16)\n    at runTest (C:\\Users\\UserLA7007\\heraclion\\backend\\node_modules\\jest-runner\\build\\runTest.js:444:34)"],"fullName":"Client Routes Integration Tests GET /api/clients should filter clients by type","invocations":1,"location":null,"numPassingAsserts":0,"retryReasons":[],"status":"failed","title":"should filter clients by type"},{"ancestorTitles":["Client Routes Integration Tests","GET /api/clients"],"duration":1,"failureDetails":[{}],"failureMessages":["ReferenceError: testHelpers is not defined\n    at Object.mockClient (C:\\Users\\UserLA7007\\heraclion\\backend\\tests\\integration\\clients.test.js:27:5)\n    at Promise.then.completed (C:\\Users\\UserLA7007\\heraclion\\backend\\node_modules\\jest-circus\\build\\utils.js:298:28)\n    at new Promise (<anonymous>)\n    at callAsyncCircusFn (C:\\Users\\UserLA7007\\heraclion\\backend\\node_modules\\jest-circus\\build\\utils.js:231:10)\n    at _callCircusHook (C:\\Users\\UserLA7007\\heraclion\\backend\\node_modules\\jest-circus\\build\\run.js:281:40)\n    at _runTestsForDescribeBlock (C:\\Users\\UserLA7007\\heraclion\\backend\\node_modules\\jest-circus\\build\\run.js:95:7)\n    at _runTestsForDescribeBlock (C:\\Users\\UserLA7007\\heraclion\\backend\\node_modules\\jest-circus\\build\\run.js:121:9)\n    at run (C:\\Users\\UserLA7007\\heraclion\\backend\\node_modules\\jest-circus\\build\\run.js:71:3)\n    at runAndTransformResultsToJestFormat (C:\\Users\\UserLA7007\\heraclion\\backend\\node_modules\\jest-circus\\build\\legacy-code-todo-rewrite\\jestAdapterInit.js:122:21)\n    at jestAdapter (C:\\Users\\UserLA7007\\heraclion\\backend\\node_modules\\jest-circus\\build\\legacy-code-todo-rewrite\\jestAdapter.js:79:19)\n    at runTestInternal (C:\\Users\\UserLA7007\\heraclion\\backend\\node_modules\\jest-runner\\build\\runTest.js:367:16)\n    at runTest (C:\\Users\\UserLA7007\\heraclion\\backend\\node_modules\\jest-runner\\build\\runTest.js:444:34)"],"fullName":"Client Routes Integration Tests GET /api/clients should sort clients by specified field","invocations":1,"location":null,"numPassingAsserts":0,"retryReasons":[],"status":"failed","title":"should sort clients by specified field"},{"ancestorTitles":["Client Routes Integration Tests","GET /api/clients"],"duration":0,"failureDetails":[{}],"failureMessages":["ReferenceError: testHelpers is not defined\n    at Object.mockClient (C:\\Users\\UserLA7007\\heraclion\\backend\\tests\\integration\\clients.test.js:27:5)\n    at Promise.then.completed (C:\\Users\\UserLA7007\\heraclion\\backend\\node_modules\\jest-circus\\build\\utils.js:298:28)\n    at new Promise (<anonymous>)\n    at callAsyncCircusFn (C:\\Users\\UserLA7007\\heraclion\\backend\\node_modules\\jest-circus\\build\\utils.js:231:10)\n    at _callCircusHook (C:\\Users\\UserLA7007\\heraclion\\backend\\node_modules\\jest-circus\\build\\run.js:281:40)\n    at _runTestsForDescribeBlock (C:\\Users\\UserLA7007\\heraclion\\backend\\node_modules\\jest-circus\\build\\run.js:95:7)\n    at _runTestsForDescribeBlock (C:\\Users\\UserLA7007\\heraclion\\backend\\node_modules\\jest-circus\\build\\run.js:121:9)\n    at run (C:\\Users\\UserLA7007\\heraclion\\backend\\node_modules\\jest-circus\\build\\run.js:71:3)\n    at runAndTransformResultsToJestFormat (C:\\Users\\UserLA7007\\heraclion\\backend\\node_modules\\jest-circus\\build\\legacy-code-todo-rewrite\\jestAdapterInit.js:122:21)\n    at jestAdapter (C:\\Users\\UserLA7007\\heraclion\\backend\\node_modules\\jest-circus\\build\\legacy-code-todo-rewrite\\jestAdapter.js:79:19)\n    at runTestInternal (C:\\Users\\UserLA7007\\heraclion\\backend\\node_modules\\jest-runner\\build\\runTest.js:367:16)\n    at runTest (C:\\Users\\UserLA7007\\heraclion\\backend\\node_modules\\jest-runner\\build\\runTest.js:444:34)"],"fullName":"Client Routes Integration Tests GET /api/clients should require authentication","invocations":1,"location":null,"numPassingAsserts":0,"retryReasons":[],"status":"failed","title":"should require authentication"},{"ancestorTitles":["Client Routes Integration Tests","GET /api/clients/:id"],"duration":7,"failureDetails":[{}],"failureMessages":["ReferenceError: testHelpers is not defined\n    at Object.mockClient (C:\\Users\\UserLA7007\\heraclion\\backend\\tests\\integration\\clients.test.js:27:5)\n    at Promise.then.completed (C:\\Users\\UserLA7007\\heraclion\\backend\\node_modules\\jest-circus\\build\\utils.js:298:28)\n    at new Promise (<anonymous>)\n    at callAsyncCircusFn (C:\\Users\\UserLA7007\\heraclion\\backend\\node_modules\\jest-circus\\build\\utils.js:231:10)\n    at _callCircusHook (C:\\Users\\UserLA7007\\heraclion\\backend\\node_modules\\jest-circus\\build\\run.js:281:40)\n    at _runTestsForDescribeBlock (C:\\Users\\UserLA7007\\heraclion\\backend\\node_modules\\jest-circus\\build\\run.js:95:7)\n    at _runTestsForDescribeBlock (C:\\Users\\UserLA7007\\heraclion\\backend\\node_modules\\jest-circus\\build\\run.js:121:9)\n    at run (C:\\Users\\UserLA7007\\heraclion\\backend\\node_modules\\jest-circus\\build\\run.js:71:3)\n    at runAndTransformResultsToJestFormat (C:\\Users\\UserLA7007\\heraclion\\backend\\node_modules\\jest-circus\\build\\legacy-code-todo-rewrite\\jestAdapterInit.js:122:21)\n    at jestAdapter (C:\\Users\\UserLA7007\\heraclion\\backend\\node_modules\\jest-circus\\build\\legacy-code-todo-rewrite\\jestAdapter.js:79:19)\n    at runTestInternal (C:\\Users\\UserLA7007\\heraclion\\backend\\node_modules\\jest-runner\\build\\runTest.js:367:16)\n    at runTest (C:\\Users\\UserLA7007\\heraclion\\backend\\node_modules\\jest-runner\\build\\runTest.js:444:34)"],"fullName":"Client Routes Integration Tests GET /api/clients/:id should return specific client by id","invocations":1,"location":null,"numPassingAsserts":0,"retryReasons":[],"status":"failed","title":"should return specific client by id"},{"ancestorTitles":["Client Routes Integration Tests","GET /api/clients/:id"],"duration":2,"failureDetails":[{}],"failureMessages":["ReferenceError: testHelpers is not defined\n    at Object.mockClient (C:\\Users\\UserLA7007\\heraclion\\backend\\tests\\integration\\clients.test.js:27:5)\n    at Promise.then.completed (C:\\Users\\UserLA7007\\heraclion\\backend\\node_modules\\jest-circus\\build\\utils.js:298:28)\n    at new Promise (<anonymous>)\n    at callAsyncCircusFn (C:\\Users\\UserLA7007\\heraclion\\backend\\node_modules\\jest-circus\\build\\utils.js:231:10)\n    at _callCircusHook (C:\\Users\\UserLA7007\\heraclion\\backend\\node_modules\\jest-circus\\build\\run.js:281:40)\n    at _runTestsForDescribeBlock (C:\\Users\\UserLA7007\\heraclion\\backend\\node_modules\\jest-circus\\build\\run.js:95:7)\n    at _runTestsForDescribeBlock (C:\\Users\\UserLA7007\\heraclion\\backend\\node_modules\\jest-circus\\build\\run.js:121:9)\n    at run (C:\\Users\\UserLA7007\\heraclion\\backend\\node_modules\\jest-circus\\build\\run.js:71:3)\n    at runAndTransformResultsToJestFormat (C:\\Users\\UserLA7007\\heraclion\\backend\\node_modules\\jest-circus\\build\\legacy-code-todo-rewrite\\jestAdapterInit.js:122:21)\n    at jestAdapter (C:\\Users\\UserLA7007\\heraclion\\backend\\node_modules\\jest-circus\\build\\legacy-code-todo-rewrite\\jestAdapter.js:79:19)\n    at runTestInternal (C:\\Users\\UserLA7007\\heraclion\\backend\\node_modules\\jest-runner\\build\\runTest.js:367:16)\n    at runTest (C:\\Users\\UserLA7007\\heraclion\\backend\\node_modules\\jest-runner\\build\\runTest.js:444:34)"],"fullName":"Client Routes Integration Tests GET /api/clients/:id should return 404 for non-existent client","invocations":1,"location":null,"numPassingAsserts":0,"retryReasons":[],"status":"failed","title":"should return 404 for non-existent client"},{"ancestorTitles":["Client Routes Integration Tests","GET /api/clients/:id"],"duration":1,"failureDetails":[{}],"failureMessages":["ReferenceError: testHelpers is not defined\n    at Object.mockClient (C:\\Users\\UserLA7007\\heraclion\\backend\\tests\\integration\\clients.test.js:27:5)\n    at Promise.then.completed (C:\\Users\\UserLA7007\\heraclion\\backend\\node_modules\\jest-circus\\build\\utils.js:298:28)\n    at new Promise (<anonymous>)\n    at callAsyncCircusFn (C:\\Users\\UserLA7007\\heraclion\\backend\\node_modules\\jest-circus\\build\\utils.js:231:10)\n    at _callCircusHook (C:\\Users\\UserLA7007\\heraclion\\backend\\node_modules\\jest-circus\\build\\run.js:281:40)\n    at _runTestsForDescribeBlock (C:\\Users\\UserLA7007\\heraclion\\backend\\node_modules\\jest-circus\\build\\run.js:95:7)\n    at _runTestsForDescribeBlock (C:\\Users\\UserLA7007\\heraclion\\backend\\node_modules\\jest-circus\\build\\run.js:121:9)\n    at run (C:\\Users\\UserLA7007\\heraclion\\backend\\node_modules\\jest-circus\\build\\run.js:71:3)\n    at runAndTransformResultsToJestFormat (C:\\Users\\UserLA7007\\heraclion\\backend\\node_modules\\jest-circus\\build\\legacy-code-todo-rewrite\\jestAdapterInit.js:122:21)\n    at jestAdapter (C:\\Users\\UserLA7007\\heraclion\\backend\\node_modules\\jest-circus\\build\\legacy-code-todo-rewrite\\jestAdapter.js:79:19)\n    at runTestInternal (C:\\Users\\UserLA7007\\heraclion\\backend\\node_modules\\jest-runner\\build\\runTest.js:367:16)\n    at runTest (C:\\Users\\UserLA7007\\heraclion\\backend\\node_modules\\jest-runner\\build\\runTest.js:444:34)"],"fullName":"Client Routes Integration Tests GET /api/clients/:id should validate id parameter","invocations":1,"location":null,"numPassingAsserts":0,"retryReasons":[],"status":"failed","title":"should validate id parameter"},{"ancestorTitles":["Client Routes Integration Tests","POST /api/clients"],"duration":1,"failureDetails":[{}],"failureMessages":["ReferenceError: testHelpers is not defined\n    at Object.mockClient (C:\\Users\\UserLA7007\\heraclion\\backend\\tests\\integration\\clients.test.js:27:5)\n    at Promise.then.completed (C:\\Users\\UserLA7007\\heraclion\\backend\\node_modules\\jest-circus\\build\\utils.js:298:28)\n    at new Promise (<anonymous>)\n    at callAsyncCircusFn (C:\\Users\\UserLA7007\\heraclion\\backend\\node_modules\\jest-circus\\build\\utils.js:231:10)\n    at _callCircusHook (C:\\Users\\UserLA7007\\heraclion\\backend\\node_modules\\jest-circus\\build\\run.js:281:40)\n    at _runTestsForDescribeBlock (C:\\Users\\UserLA7007\\heraclion\\backend\\node_modules\\jest-circus\\build\\run.js:95:7)\n    at _runTestsForDescribeBlock (C:\\Users\\UserLA7007\\heraclion\\backend\\node_modules\\jest-circus\\build\\run.js:121:9)\n    at run (C:\\Users\\UserLA7007\\heraclion\\backend\\node_modules\\jest-circus\\build\\run.js:71:3)\n    at runAndTransformResultsToJestFormat (C:\\Users\\UserLA7007\\heraclion\\backend\\node_modules\\jest-circus\\build\\legacy-code-todo-rewrite\\jestAdapterInit.js:122:21)\n    at jestAdapter (C:\\Users\\UserLA7007\\heraclion\\backend\\node_modules\\jest-circus\\build\\legacy-code-todo-rewrite\\jestAdapter.js:79:19)\n    at runTestInternal (C:\\Users\\UserLA7007\\heraclion\\backend\\node_modules\\jest-runner\\build\\runTest.js:367:16)\n    at runTest (C:\\Users\\UserLA7007\\heraclion\\backend\\node_modules\\jest-runner\\build\\runTest.js:444:34)"],"fullName":"Client Routes Integration Tests POST /api/clients should create new client with valid data","invocations":1,"location":null,"numPassingAsserts":0,"retryReasons":[],"status":"failed","title":"should create new client with valid data"},{"ancestorTitles":["Client Routes Integration Tests","POST /api/clients"],"duration":23,"failureDetails":[{}],"failureMessages":["ReferenceError: testHelpers is not defined\n    at Object.mockClient (C:\\Users\\UserLA7007\\heraclion\\backend\\tests\\integration\\clients.test.js:27:5)\n    at Promise.then.completed (C:\\Users\\UserLA7007\\heraclion\\backend\\node_modules\\jest-circus\\build\\utils.js:298:28)\n    at new Promise (<anonymous>)\n    at callAsyncCircusFn (C:\\Users\\UserLA7007\\heraclion\\backend\\node_modules\\jest-circus\\build\\utils.js:231:10)\n    at _callCircusHook (C:\\Users\\UserLA7007\\heraclion\\backend\\node_modules\\jest-circus\\build\\run.js:281:40)\n    at _runTestsForDescribeBlock (C:\\Users\\UserLA7007\\heraclion\\backend\\node_modules\\jest-circus\\build\\run.js:95:7)\n    at _runTestsForDescribeBlock (C:\\Users\\UserLA7007\\heraclion\\backend\\node_modules\\jest-circus\\build\\run.js:121:9)\n    at run (C:\\Users\\UserLA7007\\heraclion\\backend\\node_modules\\jest-circus\\build\\run.js:71:3)\n    at runAndTransformResultsToJestFormat (C:\\Users\\UserLA7007\\heraclion\\backend\\node_modules\\jest-circus\\build\\legacy-code-todo-rewrite\\jestAdapterInit.js:122:21)\n    at jestAdapter (C:\\Users\\UserLA7007\\heraclion\\backend\\node_modules\\jest-circus\\build\\legacy-code-todo-rewrite\\jestAdapter.js:79:19)\n    at runTestInternal (C:\\Users\\UserLA7007\\heraclion\\backend\\node_modules\\jest-runner\\build\\runTest.js:367:16)\n    at runTest (C:\\Users\\UserLA7007\\heraclion\\backend\\node_modules\\jest-runner\\build\\runTest.js:444:34)"],"fullName":"Client Routes Integration Tests POST /api/clients should validate required fields","invocations":1,"location":null,"numPassingAsserts":0,"retryReasons":[],"status":"failed","title":"should validate required fields"},{"ancestorTitles":["Client Routes Integration Tests","POST /api/clients"],"duration":1,"failureDetails":[{}],"failureMessages":["ReferenceError: testHelpers is not defined\n    at Object.mockClient (C:\\Users\\UserLA7007\\heraclion\\backend\\tests\\integration\\clients.test.js:27:5)\n    at Promise.then.completed (C:\\Users\\UserLA7007\\heraclion\\backend\\node_modules\\jest-circus\\build\\utils.js:298:28)\n    at new Promise (<anonymous>)\n    at callAsyncCircusFn (C:\\Users\\UserLA7007\\heraclion\\backend\\node_modules\\jest-circus\\build\\utils.js:231:10)\n    at _callCircusHook (C:\\Users\\UserLA7007\\heraclion\\backend\\node_modules\\jest-circus\\build\\run.js:281:40)\n    at _runTestsForDescribeBlock (C:\\Users\\UserLA7007\\heraclion\\backend\\node_modules\\jest-circus\\build\\run.js:95:7)\n    at _runTestsForDescribeBlock (C:\\Users\\UserLA7007\\heraclion\\backend\\node_modules\\jest-circus\\build\\run.js:121:9)\n    at run (C:\\Users\\UserLA7007\\heraclion\\backend\\node_modules\\jest-circus\\build\\run.js:71:3)\n    at runAndTransformResultsToJestFormat (C:\\Users\\UserLA7007\\heraclion\\backend\\node_modules\\jest-circus\\build\\legacy-code-todo-rewrite\\jestAdapterInit.js:122:21)\n    at jestAdapter (C:\\Users\\UserLA7007\\heraclion\\backend\\node_modules\\jest-circus\\build\\legacy-code-todo-rewrite\\jestAdapter.js:79:19)\n    at runTestInternal (C:\\Users\\UserLA7007\\heraclion\\backend\\node_modules\\jest-runner\\build\\runTest.js:367:16)\n    at runTest (C:\\Users\\UserLA7007\\heraclion\\backend\\node_modules\\jest-runner\\build\\runTest.js:444:34)"],"fullName":"Client Routes Integration Tests POST /api/clients should validate email format","invocations":1,"location":null,"numPassingAsserts":0,"retryReasons":[],"status":"failed","title":"should validate email format"},{"ancestorTitles":["Client Routes Integration Tests","POST /api/clients"],"duration":1,"failureDetails":[{}],"failureMessages":["ReferenceError: testHelpers is not defined\n    at Object.mockClient (C:\\Users\\UserLA7007\\heraclion\\backend\\tests\\integration\\clients.test.js:27:5)\n    at Promise.then.completed (C:\\Users\\UserLA7007\\heraclion\\backend\\node_modules\\jest-circus\\build\\utils.js:298:28)\n    at new Promise (<anonymous>)\n    at callAsyncCircusFn (C:\\Users\\UserLA7007\\heraclion\\backend\\node_modules\\jest-circus\\build\\utils.js:231:10)\n    at _callCircusHook (C:\\Users\\UserLA7007\\heraclion\\backend\\node_modules\\jest-circus\\build\\run.js:281:40)\n    at _runTestsForDescribeBlock (C:\\Users\\UserLA7007\\heraclion\\backend\\node_modules\\jest-circus\\build\\run.js:95:7)\n    at _runTestsForDescribeBlock (C:\\Users\\UserLA7007\\heraclion\\backend\\node_modules\\jest-circus\\build\\run.js:121:9)\n    at run (C:\\Users\\UserLA7007\\heraclion\\backend\\node_modules\\jest-circus\\build\\run.js:71:3)\n    at runAndTransformResultsToJestFormat (C:\\Users\\UserLA7007\\heraclion\\backend\\node_modules\\jest-circus\\build\\legacy-code-todo-rewrite\\jestAdapterInit.js:122:21)\n    at jestAdapter (C:\\Users\\UserLA7007\\heraclion\\backend\\node_modules\\jest-circus\\build\\legacy-code-todo-rewrite\\jestAdapter.js:79:19)\n    at runTestInternal (C:\\Users\\UserLA7007\\heraclion\\backend\\node_modules\\jest-runner\\build\\runTest.js:367:16)\n    at runTest (C:\\Users\\UserLA7007\\heraclion\\backend\\node_modules\\jest-runner\\build\\runTest.js:444:34)"],"fullName":"Client Routes Integration Tests POST /api/clients should validate client type","invocations":1,"location":null,"numPassingAsserts":0,"retryReasons":[],"status":"failed","title":"should validate client type"},{"ancestorTitles":["Client Routes Integration Tests","POST /api/clients"],"duration":0,"failureDetails":[{}],"failureMessages":["ReferenceError: testHelpers is not defined\n    at Object.mockClient (C:\\Users\\UserLA7007\\heraclion\\backend\\tests\\integration\\clients.test.js:27:5)\n    at Promise.then.completed (C:\\Users\\UserLA7007\\heraclion\\backend\\node_modules\\jest-circus\\build\\utils.js:298:28)\n    at new Promise (<anonymous>)\n    at callAsyncCircusFn (C:\\Users\\UserLA7007\\heraclion\\backend\\node_modules\\jest-circus\\build\\utils.js:231:10)\n    at _callCircusHook (C:\\Users\\UserLA7007\\heraclion\\backend\\node_modules\\jest-circus\\build\\run.js:281:40)\n    at _runTestsForDescribeBlock (C:\\Users\\UserLA7007\\heraclion\\backend\\node_modules\\jest-circus\\build\\run.js:95:7)\n    at _runTestsForDescribeBlock (C:\\Users\\UserLA7007\\heraclion\\backend\\node_modules\\jest-circus\\build\\run.js:121:9)\n    at run (C:\\Users\\UserLA7007\\heraclion\\backend\\node_modules\\jest-circus\\build\\run.js:71:3)\n    at runAndTransformResultsToJestFormat (C:\\Users\\UserLA7007\\heraclion\\backend\\node_modules\\jest-circus\\build\\legacy-code-todo-rewrite\\jestAdapterInit.js:122:21)\n    at jestAdapter (C:\\Users\\UserLA7007\\heraclion\\backend\\node_modules\\jest-circus\\build\\legacy-code-todo-rewrite\\jestAdapter.js:79:19)\n    at runTestInternal (C:\\Users\\UserLA7007\\heraclion\\backend\\node_modules\\jest-runner\\build\\runTest.js:367:16)\n    at runTest (C:\\Users\\UserLA7007\\heraclion\\backend\\node_modules\\jest-runner\\build\\runTes
[...]
mn":21},"end":{"line":197,"column":1}},"41":{"start":{"line":166,"column":21},"end":{"line":166,"column":46}},"42":{"start":{"line":168,"column":2},"end":{"line":170,"column":3}},"43":{"start":{"line":169,"column":4},"end":{"line":169,"column":18}},"44":{"start":{"line":172,"column":16},"end":{"line":174,"column":16}},"45":{"start":{"line":176,"column":2},"end":{"line":178,"column":3}},"46":{"start":{"line":177,"column":4},"end":{"line":177,"column":18}},"47":{"start":{"line":180,"column":2},"end":{"line":194,"column":3}},"48":{"start":{"line":181,"column":20},"end":{"line":181,"column":61}},"49":{"start":{"line":182,"column":4},"end":{"line":187,"column":6}},"50":{"start":{"line":190,"column":4},"end":{"line":193,"column":7}},"51":{"start":{"line":196,"column":2},"end":{"line":196,"column":9}},"52":{"start":{"line":202,"column":22},"end":{"line":217,"column":1}},"53":{"start":{"line":203,"column":18},"end":{"line":208,"column":3}},"54":{"start":{"line":210,"column":18},"end":{"line":214,"column":3}},"55":{"start":{"line":216,"column":2},"end":{"line":216,"column":60}},"56":{"start":{"line":222,"column":29},"end":{"line":234,"column":1}},"57":{"start":{"line":223,"column":18},"end":{"line":226,"column":3}},"58":{"start":{"line":228,"column":18},"end":{"line":231,"column":3}},"59":{"start":{"line":233,"column":2},"end":{"line":233,"column":68}},"60":{"start":{"line":236,"column":0},"end":{"line":243,"column":2}}},"fnMap":{"0":{"name":"(anonymous_0)","decl":{"start":{"line":7,"column":21},"end":{"line":7,"column":22}},"loc":{"start":{"line":7,"column":47},"end":{"line":86,"column":1}},"line":7},"1":{"name":"(anonymous_1)","decl":{"start":{"line":91,"column":18},"end":{"line":91,"column":19}},"loc":{"start":{"line":91,"column":39},"end":{"line":118,"column":1}},"line":91},"2":{"name":"(anonymous_2)","decl":{"start":{"line":92,"column":9},"end":{"line":92,"column":10}},"loc":{"start":{"line":92,"column":29},"end":{"line":117,"column":3}},"line":92},"3":{"name":"(anonymous_3)","decl":{"start":{"line":124,"column":28},"end":{"line":124,"column":29}},"loc":{"start":{"line":124,"column":48},"end":{"line":159,"column":1}},"line":124},"4":{"name":"(anonymous_4)","decl":{"start":{"line":165,"column":21},"end":{"line":165,"column":22}},"loc":{"start":{"line":165,"column":41},"end":{"line":197,"column":1}},"line":165},"5":{"name":"(anonymous_5)","decl":{"start":{"line":202,"column":22},"end":{"line":202,"column":23}},"loc":{"start":{"line":202,"column":32},"end":{"line":217,"column":1}},"line":202},"6":{"name":"(anonymous_6)","decl":{"start":{"line":222,"column":29},"end":{"line":222,"column":30}},"loc":{"start":{"line":222,"column":39},"end":{"line":234,"column":1}},"line":222}},"branchMap":{"0":{"loc":{"start":{"line":11,"column":4},"end":{"line":16,"column":5}},"type":"if","locations":[{"start":{"line":11,"column":4},"end":{"line":16,"column":5}},{"start":{},"end":{}}],"line":11},"1":{"loc":{"start":{"line":18,"column":18},"end":{"line":20,"column":18}},"type":"cond-expr","locations":[{"start":{"line":19,"column":8},"end":{"line":19,"column":27}},{"start":{"line":20,"column":8},"end":{"line":20,"column":18}}],"line":18},"2":{"loc":{"start":{"line":22,"column":4},"end":{"line":27,"column":5}},"type":"if","locations":[{"start":{"line":22,"column":4},"end":{"line":27,"column":5}},{"start":{},"end":{}}],"line":22},"3":{"loc":{"start":{"line":33,"column":4},"end":{"line":38,"column":5}},"type":"if","locations":[{"start":{"line":33,"column":4},"end":{"line":38,"column":5}},{"start":{},"end":{}}],"line":33},"4":{"loc":{"start":{"line":33,"column":8},"end":{"line":33,"column":55}},"type":"binary-expr","locations":[{"start":{"line":33,"column":8},"end":{"line":33,"column":19}},{"start":{"line":33,"column":23},"end":{"line":33,"column":55}}],"line":33},"5":{"loc":{"start":{"line":67,"column":4},"end":{"line":72,"column":5}},"type":"if","locations":[{"start":{"line":67,"column":4},"end":{"line":72,"column":5}},{"start":{},"end":{}}],"line":67},"6":{"loc":{"start":{"line":74,"column":4},"end":{"line":79,"column":5}},"type":"if","locations":[{"start":{"line":74,"column":4},"end":{"line":79,"column":5}},{"start":{},"end":{}}],"line":74},"7":{"loc":{"start":{"line":93,"column":4},"end":{"line":98,"column":5}},"type":"if","locations":[{"start":{"line":93,"column":4},"end":{"line":98,"column":5}},{"start":{},"end":{}}],"line":93},"8":{"loc":{"start":{"line":100,"column":4},"end":{"line":114,"column":5}},"type":"if","locations":[{"start":{"line":100,"column":4},"end":{"line":114,"column":5}},{"start":{},"end":{}}],"line":100},"9":{"loc":{"start":{"line":125,"column":2},"end":{"line":130,"column":3}},"type":"if","locations":[{"start":{"line":125,"column":2},"end":{"line":130,"column":3}},{"start":{},"end":{}}],"line":125},"10":{"loc":{"start":{"line":133,"column":2},"end":{"line":135,"column":3}},"type":"if","locations":[{"start":{"line":133,"column":2},"end":{"line":135,"column":3}},{"start":{},"end":{}}],"line":133},"11":{"loc":{"start":{"line":138,"column":23},"end":{"line":140,"column":45}},"type":"binary-expr","locations":[{"start":{"line":138,"column":23},"end":{"line":138,"column":46}},{"start":{"line":139,"column":22},"end":{"line":139,"column":44}},{"start":{"line":140,"column":22},"end":{"line":140,"column":45}}],"line":138},"12":{"loc":{"start":{"line":142,"column":2},"end":{"line":156,"column":3}},"type":"if","locations":[{"start":{"line":142,"column":2},"end":{"line":156,"column":3}},{"start":{},"end":{}}],"line":142},"13":{"loc":{"start":{"line":142,"column":6},"end":{"line":142,"column":71}},"type":"binary-expr","locations":[{"start":{"line":142,"column":6},"end":{"line":142,"column":18}},{"start":{"line":142,"column":22},"end":{"line":142,"column":71}}],"line":142},"14":{"loc":{"start":{"line":168,"column":2},"end":{"line":170,"column":3}},"type":"if","locations":[{"start":{"line":168,"column":2},"end":{"line":170,"column":3}},{"start":{},"end":{}}],"line":168},"15":{"loc":{"start":{"line":172,"column":16},"end":{"line":174,"column":16}},"type":"cond-expr","locations":[{"start":{"line":173,"column":6},"end":{"line":173,"column":25}},{"start":{"line":174,"column":6},"end":{"line":174,"column":16}}],"line":172},"16":{"loc":{"start":{"line":176,"column":2},"end":{"line":178,"column":3}},"type":"if","locations":[{"start":{"line":176,"column":2},"end":{"line":178,"column":3}},{"start":{},"end":{}}],"line":176},"17":{"loc":{"start":{"line":211,"column":15},"end":{"line":211,"column":50}},"type":"binary-expr","locations":[{"start":{"line":211,"column":15},"end":{"line":211,"column":41}},{"start":{"line":211,"column":45},"end":{"line":211,"column":50}}],"line":211},"18":{"loc":{"start":{"line":229,"column":15},"end":{"line":229,"column":57}},"type":"binary-expr","locations":[{"start":{"line":229,"column":15},"end":{"line":229,"column":49}},{"start":{"line":229,"column":53},"end":{"line":229,"column":57}}],"line":229}},"s":{"0":1,"1":1,"2":1,"3":0,"4":0,"5":0,"6":0,"7":0,"8":0,"9":0,"10":0,"11":0,"12":0,"13":0,"14":0,"15":0,"16":0,"17":0,"18":0,"19":0,"20":0,"21":0,"22":1,"23":0,"24":0,"25":0,"26":0,"27":0,"28":0,"29":0,"30":1,"31":0,"32":0,"33":0,"34":0,"35":0,"36":0,"37":0,"38":0,"39":0,"40":1,"41":0,"42":0,"43":0,"44":0,"45":0,"46":0,"47":0,"48":0,"49":0,"50":0,"51":0,"52":1,"53":0,"54":0,"55":0,"56":1,"57":0,"58":0,"59":0,"60":1},"f":{"0":0,"1":0,"2":0,"3":0,"4":0,"5":0,"6":0},"b":{"0":[0,0],"1":[0,0],"2":[0,0],"3":[0,0],"4":[0,0],"5":[0,0],"6":[0,0],"7":[0,0],"8":[0,0],"9":[0,0],"10":[0,0],"11":[0,0,0],"12":[0,0],"13":[0,0],"14":[0,0],"15":[0,0],"16":[0,0],"17":[0,0],"18":[0,0]},"_coverageSchema":"1a1c01bbd47fc00a2c39e90264f33305004495a9","hash":"0d75e67077032c39ed4804dc34f84bd4bd02b1cc"},"C:\\Users\\UserLA7007\\heraclion\\backend\\routes\\auth.js":{"path":"C:\\Users\\UserLA7007\\heraclion\\backend\\routes\\auth.js","statementMap":{"0":{"start":{"line":4,"column":16},"end":{"line":4,"column":34}},"1":{"start":{"line":5,"column":15},"end":{"line":5,"column":34}},"2":{"start":{"line":6,"column":12},"end":{"line":6,"column":35}},"3":{"start":{"line":7,"column":18},"end":{"line":7,"column":48}},"4":{"start":{"line":8,"column":19},"end":{"line":8,"column":45}},"5":{"start":{"line":10,"column":15},"end":{"line":10,"column":31}},"6":{"start":{"line":11,"column":13},"end":{"line":11,"column":35}},"7":{"start":{"line":12,"column":25},"end":{"line":12,"column":57}},"8":{"start":{"line":71,"column":0},"end":{"line":156,"column":3}},"9":{"start":{"line":72,"column":2},"end":{"line":155,"column":3}},"10":{"start":{"line":73,"column":32},"end":{"line":73,"column":40}},"11":{"start":{"line":74,"column":15},"end":{"line":74,"column":77}},"12":{"start":{"line":77,"column":4},"end":{"line":83,"column":5}},"13":{"start":{"line":78,"column":6},"end":{"line":78,"column":64}},"14":{"start":{"line":79,"column":6},"end":{"line":82,"column":9}},"15":{"start":{"line":86,"column":17},"end":{"line":86,"column":58}},"16":{"start":{"line":87,"column":4},"end":{"line":93,"column":5}},"17":{"start":{"line":88,"column":6},"end":{"line":88,"column":64}},"18":{"start":{"line":89,"column":6},"end":{"line":92,"column":9}},"19":{"start":{"line":96,"column":4},"end":{"line":102,"column":5}},"20":{"start":{"line":97,"column":6},"end":{"line":97,"column":67}},"21":{"start":{"line":98,"column":6},"end":{"line":101,"column":9}},"22":{"start":{"line":105,"column":28},"end":{"line":105,"column":78}},"23":{"start":{"line":106,"column":4},"end":{"line":112,"column":5}},"24":{"start":{"line":107,"column":6},"end":{"line":107,"column":67}},"25":{"start":{"line":108,"column":6},"end":{"line":111,"column":9}},"26":{"start":{"line":115,"column":22},"end":{"line":115,"column":44}},"27":{"start":{"line":116,"column":4},"end":{"line":120,"column":5}},"28":{"start":{"line":117,"column":21},"end":{"line":117,"column":81}},"29":{"start":{"line":118,"column":6},"end":{"line":118,"column":27}},"30":{"start":{"line":119,"column":6},"end":{"line":119,"column":118}},"31":{"start":{"line":123,"column":18},"end":{"line":131,"column":5}},"32":{"start":{"line":134,"column":54},"end":{"line":134,"column":58}},"33":{"start":{"line":136,"column":4},"end":{"line":136,"column":64}},"34":{"start":{"line":137,"column":4},"end":{"line":137,"column":71}},"35":{"start":{"line":139,"column":4},"end":{"line":146,"column":7}},"36":{"start":{"line":149,"column":4},"end":{"line":149,"column":56}},"37":{"start":{"line":150,"column":4},"end":{"line":154,"column":5}},"38":{"start":{"line":151,"column":6},"end":{"line":151,"column":111}},"39":{"start":{"line":153,"column":6},"end":{"line":153,"column":76}},"40":{"start":{"line":172,"column":0},"end":{"line":195,"column":3}},"41":{"start":{"line":173,"column":2},"end":{"line":194,"column":3}},"42":{"start":{"line":174,"column":17},"end":{"line":174,"column":53}},"43":{"start":{"line":175,"column":4},"end":{"line":180,"column":5}},"44":{"start":{"line":176,"column":6},"end":{"line":179,"column":9}},"45":{"start":{"line":182,"column":54},"end":{"line":182,"column":58}},"46":{"start":{"line":184,"column":4},"end":{"line":187,"column":7}},"47":{"start":{"line":189,"column":4},"end":{"line":189,"column":69}},"48":{"start":{"line":190,"column":4},"end":{"line":193,"column":7}},"49":{"start":{"line":209,"column":0},"end":{"line":216,"column":3}},"50":{"start":{"line":210,"column":2},"end":{"line":210,"column":65}},"51":{"start":{"line":212,"column":2},"end":{"line":215,"column":5}},"52":{"start":{"line":222,"column":21},"end":{"line":222,"column":49}},"53":{"start":{"line":223,"column":16},"end":{"line":223,"column":54}},"54":{"start":{"line":225,"column":2},"end":{"line":230,"column":3}},"55":{"start":{"line":226,"column":4},"end":{"line":229,"column":7}},"56":{"start":{"line":232,"column":2},"end":{"line":242,"column":5}},"57":{"start":{"line":233,"column":4},"end":{"line":238,"column":5}},"58":{"start":{"line":234,"column":6},"end":{"line":237,"column":9}},"59":{"start":{"line":240,"column":4},"end":{"line":240,"column":20}},"60":{"start":{"line":241,"column":4},"end":{"line":241,"column":11}},"61":{"start":{"line":245,"column":0},"end":{"line":245,"column":24}}},"fnMap":{"0":{"name":"(anonymous_0)","decl":{"start":{"line":71,"column":22},"end":{"line":71,"column":23}},"loc":{"start":{"line":71,"column":42},"end":{"line":156,"column":1}},"line":71},"1":{"name":"(anonymous_1)","decl":{"start":{"line":172,"column":37},"end":{"line":172,"column":38}},"loc":{"start":{"line":172,"column":57},"end":{"line":195,"column":1}},"line":172},"2":{"name":"(anonymous_2)","decl":{"start":{"line":209,"column":42},"end":{"line":209,"column":43}},"loc":{"start":{"line":209,"column":56},"end":{"line":216,"column":1}},"line":209},"3":{"name":"authenticateToken","decl":{"start":{"line":221,"column":9},"end":{"line":221,"column":26}},"loc":{"start":{"line":221,"column":43},"end":{"line":243,"column":1}},"line":221},"4":{"name":"(anonymous_4)","decl":{"start":{"line":232,"column":44},"end":{"line":232,"column":45}},"loc":{"start":{"line":232,"column":59},"end":{"line":242,"column":3}},"line":232}},"branchMap":{"0":{"loc":{"start":{"line":74,"column":15},"end":{"line":74,"column":77}},"type":"binary-expr","locations":[{"start":{"line":74,"column":15},"end":{"line":74,"column":45}},{"start":{"line":74,"column":49},"end":{"line":74,"column":77}}],"line":74},"1":{"loc":{"start":{"line":77,"column":4},"end":{"line":83,"column":5}},"type":"if","locations":[{"start":{"line":77,"column":4},"end":{"line":83,"column":5}},{"start":{},"end":{}}],"line":77},"2":{"loc":{"start":{"line":77,"column":8},"end":{"line":77,"column":27}},"type":"binary-expr","locations":[{"start":{"line":77,"column":8},"end":{"line":77,"column":14}},{"start":{"line":77,"column":18},"end":{"line":77,"column":27}}],"line":77},"3":{"loc":{"start":{"line":87,"column":4},"end":{"line":93,"column":5}},"type":"if","locations":[{"start":{"line":87,"column":4},"end":{"line":93,"column":5}},{"start":{},"end":{}}],"line":87},"4":{"loc":{"start":{"line":96,"column":4},"end":{"line":102,"column":5}},"type":"if","locations":[{"start":{"line":96,"column":4},"end":{"line":102,"column":5}},{"start":{},"end":{}}],"line":96},"5":{"loc":{"start":{"line":106,"column":4},"end":{"line":112,"column":5}},"type":"if","locations":[{"start":{"line":106,"column":4},"end":{"line":112,"column":5}},{"start":{},"end":{}}],"line":106},"6":{"loc":{"start":{"line":116,"column":4},"end":{"line":120,"column":5}},"type":"if","locations":[{"start":{"line":116,"column":4},"end":{"line":120,"column":5}},{"start":{},"end":{}}],"line":116},"7":{"loc":{"start":{"line":116,"column":8},"end":{"line":116,"column":133}},"type":"binary-expr","locations":[{"start":{"line":116,"column":8},"end":{"line":116,"column":18}},{"start":{"line":116,"column":22},"end":{"line":116,"column":62}},{"start":{"line":116,"column":66},"end":{"line":116,"column":133}}],"line":116},"8":{"loc":{"start":{"line":130,"column":19},"end":{"line":130,"column":54}},"type":"binary-expr","locations":[{"start":{"line":130,"column":19},"end":{"line":130,"column":45}},{"start":{"line":130,"column":49},"end":{"line":130,"column":54}}],"line":130},"9":{"loc":{"start":{"line":144,"column":20},"end":{"line":144,"column":55}},"type":"binary-expr","locations":[{"start":{"line":144,"column":20},"end":{"line":144,"column":46}},{"start":{"line":144,"column":50},"end":{"line":144,"column":55}}],"line":144},"10":{"loc":{"start":{"line":150,"column":4},"end":{"line":154,"column":5}},"type":"if","locations":[{"start":{"line":150,"column":4},"end":{"line":154,"column":5}},{"start":{"line":152,"column":11},"end":{"line":154,"column":5}}],"line":150},"11":{"loc":{"start":{"line":175,"column":4},"end":{"line":180,"column":5}},"type":"if","locations":[{"start":{"line":175,"column":4},"end":{"line":180,"column":5}},{"start":{},"end":{}}],"line":175},"12":{"loc":{"start":{"line":223,"column":16},"end":{"line":223,"column":54}},"type":"binary-expr","locations":[{"start":{"line":223,"column":16},"end":{"line":223,"column":26}},{"start":{"line":223,"column":30},"end":{"line":223,"column":54}}],"line":223},"13":{"loc":{"start":{"line":225,"column":2},"end":{"line":230,"column":3}},"type":"if","locations":[{"start":{"line":225,"column":2},"end":{"line":230,"column":3}},{"start":{},"end":{}}],"line":225},"14":{"loc":{"start":{"line":233,"column":4},"end":{"line":238,"column":5}},"type":"if","locations":[{"start":{"line":233,"column":4},"end":{"line":238,"column":5}},{"start":{},"end":{}}],"line":233}},"s":{"0":1,"1":1,"2":1,"3":1,"4":1,"5":1,"6":1,"7":1,"8":1,"9":0,"10":0,"11":0,"12":0,"13":0,"14":0,"15":0,"16":0,"17":0,"18":0,"19":0,"20":0,"21":0,"22":0,"23":0,"24":0,"25":0,"26":0,"27":0,"28":0,"29":0,"30":0,"31":0,"32":0,"33":0,"34":0,"35":0,"36":0,"37":0,"38":0,"39":0,"40":1,"41":0,"42":0,"43":0,"44":0,"45":0,"46":0,"47":0,"48":0,"49":1,"50":0,"51":0,"52":0,"53":0,"54":0,"55":0,"56":0,"57":0,"58":0,"59":0,"60":0,"61":1},"f":{"0":0,"1":0,"2":0,"3":0,"4":0},"b":{"0":[0,0],"1":[0,0],"2":[0,0],"3":[0,0],"4":[0,0],"5":[0,0],"6":[0,0],"7":[0,0,0],"8":[0,0],"9":[0,0],"10":[0,0],"11":[0,0],"12":[0,0],"13":[0,0],"14":[0,0]},"_coverageSchema":"1a1c01bbd47fc00a2c39e90264f33305004495a9","hash":"71c81841c1b2fd8df80cebcd9a9979e0a2152e42"},"C:\\Users\\UserLA7007\\heraclion\\backend\\utils\\connexionLog.js":{"path":"C:\\Users\\UserLA7007\\heraclion\\backend\\utils\\connexionLog.js","statementMap":{"0":{"start":{"line":1,"column":11},"end":{"line":1,"column":24}},"1":{"start":{"line":2,"column":13},"end":{"line":2,"column":28}},"2":{"start":{"line":4,"column":17},"end":{"line":4,"column":62}},"3":{"start":{"line":7,"column":16},"end":{"line":13,"column":3}},"4":{"start":{"line":14,"column":2},"end":{"line":16,"column":5}},"5":{"start":{"line":15,"column":4},"end":{"line":15,"column":56}},"6":{"start":{"line":15,"column":13},"end":{"line":15,"column":56}},"7":{"start":{"line":20,"column":2},"end":{"line":20,"column":42}},"8":{"start":{"line":20,"column":32},"end":{"line":20,"column":42}},"9":{"start":{"line":21,"column":16},"end":{"line":21,"column":69}},"10":{"start":{"line":22,"column":2},"end":{"line":24,"column":21}},"11":{"start":{"line":23,"column":4},"end":{"line":23,"column":56}},"12":{"start":{"line":23,"column":10},"end":{"line":23,"column":31}},"13":{"start":{"line":23,"column":42},"end":{"line":23,"column":54}},"14":{"start":{"line":27,"column":0},"end":{"line":27,"column":52}}},"fnMap":{"0":{"name":"logConnexion","decl":{"start":{"line":6,"column":9},"end":{"line":6,"column":21}},"loc":{"start":{"line":6,"column":54},"end":{"line":17,"column":1}},"line":6},"1":{"name":"(anonymous_1)","decl":{"start":{"line":14,"column":56},"end":{"line":14,"column":57}},"loc":{"start":{"line":14,"column":63},"end":{"line":16,"column":3}},"line":14},"2":{"name":"readConnexionLog","decl":{"start":{"line":19,"column":9},"end":{"line":19,"column":25}},"loc":{"start":{"line":19,"column":39},"end":{"line":25,"column":1}},"line":19},"3":{"name":"(anonymous_3)","decl":{"start":{"line":22,"column":33},"end":{"line":22,"column":34}},"loc":{"start":{"line":22,"column":38},"end":{"line":24,"column":3}},"line":22}},"branchMap":{"0":{"loc":{"start":{"line":15,"column":4},"end":{"line":15,"column":56}},"type":"if","locations":[{"start":{"line":15,"column":4},"end":{"line":15,"column":56}},{"start":{},"end":{}}],"line":15},"1":{"loc":{"start":{"line":19,"column":26},"end":{"line":19,"column":37}},"type":"default-arg","locations":[{"start":{"line":19,"column":34},"end":{"line":19,"column":37}}],"line":19},"2":{"loc":{"start":{"line":20,"column":2},"end":{"line":20,"column":42}},"type":"if","locations":[{"start":{"line":20,"column":2},"end":{"line":20,"column":42}},{"start":{},"end":{}}],"line":20}},"s":{"0":1,"1":1,"2":1,"3":0,"4":0,"5":0,"6":0,"7":0,"8":0,"9":0,"10":0,"11":0,"12":0,"13":0,"14":1},"f":{"0":0,"1":0,"2":0,"3":0},"b":{"0":[0,0],"1":[0],"2":[0,0]},"_coverageSchema":"1a1c01bbd47fc00a2c39e90264f33305004495a9","hash":"0217e391d51ef53dfbbdfeef17e93b66e53de835"}}}
